The target system is: Buildroot - 1 - aarch64
The host system is: Linux - 6.8.0-58-generic - x86_64
Compiling the C compiler identification source file "CMakeCCompilerId.c" succeeded.
Compiler: /opt/rk3588_sdk/buildroot/output/latest/host/bin/aarch64-buildroot-linux-gnu-gcc 
Build flags: -D_LARGEFILE_SOURCE;-D_LARGEFILE64_SOURCE;-D_FILE_OFFSET_BITS=64;-Os;-g0;-D_FORTIFY_SOURCE=1
Id flags:  

The output was:
0


Compilation of the C compiler identification source "CMakeCCompilerId.c" produced "a.out"

The C compiler identification is GNU, found in "/home/achernatkin/lightning_gpu/lightning_gpu/Release/CMakeFiles/3.22.3/CompilerIdC/a.out"

Compiling the CXX compiler identification source file "CMakeCXXCompilerId.cpp" succeeded.
Compiler: /opt/rk3588_sdk/buildroot/output/latest/host/bin/aarch64-buildroot-linux-gnu-g++ 
Build flags: -D_LARGEFILE_SOURCE;-D_LARGEFILE64_SOURCE;-D_FILE_OFFSET_BITS=64;-Os;-g0;-D_FORTIFY_SOURCE=1
Id flags:  

The output was:
0


Compilation of the CXX compiler identification source "CMakeCXXCompilerId.cpp" produced "a.out"

The CXX compiler identification is GNU, found in "/home/achernatkin/lightning_gpu/lightning_gpu/Release/CMakeFiles/3.22.3/CompilerIdCXX/a.out"

Detecting C compiler ABI info compiled with the following output:
Change Dir: /home/achernatkin/lightning_gpu/lightning_gpu/Release/CMakeFiles/CMakeTmp

Run Build Command(s):/usr/bin/gmake -f Makefile cmTC_4c454/fast && gmake[1]: Entering directory '/home/achernatkin/lightning_gpu/lightning_gpu/Release/CMakeFiles/CMakeTmp'
/usr/bin/gmake  -f CMakeFiles/cmTC_4c454.dir/build.make CMakeFiles/cmTC_4c454.dir/build
gmake[2]: Entering directory '/home/achernatkin/lightning_gpu/lightning_gpu/Release/CMakeFiles/CMakeTmp'
Building C object CMakeFiles/cmTC_4c454.dir/CMakeCCompilerABI.c.o
/opt/rk3588_sdk/buildroot/output/latest/host/bin/aarch64-buildroot-linux-gnu-gcc --sysroot=/opt/rk3588_sdk/buildroot/output/latest/host/aarch64-buildroot-linux-gnu/sysroot   -D_LARGEFILE_SOURCE -D_LARGEFILE64_SOURCE -D_FILE_OFFSET_BITS=64 -Os -g0 -D_FORTIFY_SOURCE=1   -DNDEBUG   -v -o CMakeFiles/cmTC_4c454.dir/CMakeCCompilerABI.c.o -c /opt/rk3588_sdk/buildroot/output/pkrv_ako_secure/host/share/cmake-3.22/Modules/CMakeCCompilerABI.c
Using built-in specs.
COLLECT_GCC=/opt/rk3588_sdk/buildroot/output/pkrv_ako_secure/host/bin/aarch64-buildroot-linux-gnu-gcc.br_real
Target: aarch64-buildroot-linux-gnu
Configured with: ./configure --prefix=/opt/rk3588_sdk/buildroot/output/pkrv_ako_secure/host --sysconfdir=/opt/rk3588_sdk/buildroot/output/pkrv_ako_secure/host/etc --enable-static --target=aarch64-buildroot-linux-gnu --with-sysroot=/opt/rk3588_sdk/buildroot/output/pkrv_ako_secure/host/aarch64-buildroot-linux-gnu/sysroot --enable-__cxa_atexit --with-gnu-ld --disable-libssp --disable-multilib --disable-decimal-float --enable-plugins --enable-lto --with-gmp=/opt/rk3588_sdk/buildroot/output/pkrv_ako_secure/host --with-mpc=/opt/rk3588_sdk/buildroot/output/pkrv_ako_secure/host --with-mpfr=/opt/rk3588_sdk/buildroot/output/pkrv_ako_secure/host --with-pkgversion='Buildroot -ga42fee7b00' --with-bugurl=http://bugs.buildroot.net/ --without-zstd --disable-libquadmath --disable-libquadmath-support --enable-tls --enable-threads --without-isl --without-cloog --with-abi=lp64 --with-cpu=cortex-a76.cortex-a55 --enable-languages=c,c++,fortran --with-build-time-tools=/opt/rk3588_sdk/buildroot/output/pkrv_ako_secure/host/aarch64-buildroot-linux-gnu/bin --enable-shared --enable-libgomp
Thread model: posix
Supported LTO compression algorithms: zlib
gcc version 11.3.0 (Buildroot -ga42fee7b00) 
COLLECT_GCC_OPTIONS='-fstack-protector-strong' '-fPIE' '-Os' '-g0' '-v' '-pie' '-D' '_LARGEFILE_SOURCE' '-D' '_LARGEFILE64_SOURCE' '-D' '_FILE_OFFSET_BITS=64' '-D' '_FORTIFY_SOURCE=1' '-D' 'NDEBUG' '-c' '-o' 'CMakeFiles/cmTC_5849f.dir/CMakeCCompilerABI.c.o' '-mcpu=cortex-a76.cortex-a55' '-mlittle-endian' '-mabi=lp64' '-dumpdir' 'CMakeFiles/cmTC_5849f.dir/'
 /opt/rk3588_sdk/buildroot/output/pkrv_ako_secure/host/libexec/gcc/aarch64-buildroot-linux-gnu/11.3.0/cc1 -quiet -v -isysroot /opt/rk3588_sdk/buildroot/output/latest/host/aarch64-buildroot-linux-gnu/sysroot -D _LARGEFILE_SOURCE -D _LARGEFILE64_SOURCE -D _FILE_OFFSET_BITS=64 -D _FORTIFY_SOURCE=1 -D NDEBUG ../../../../../../../opt/rk3588_sdk/buildroot/output/pkrv_ako_secure/host/share/cmake-3.22/Modules/CMakeCCompilerABI.c -quiet -dumpdir CMakeFiles/cmTC_5849f.dir/ -dumpbase CMakeCCompilerABI.c.c -dumpbase-ext .c -mcpu=cortex-a76.cortex-a55 -mlittle-endian -mabi=lp64 -g0 -Os -version -fstack-protector-strong -fPIE -o /tmp/cczmOfFb.s
GNU C17 (Buildroot -ga42fee7b00) version 11.3.0 (aarch64-buildroot-linux-gnu)
	compiled by GNU C version 7.5.0, GMP version 6.2.1, MPFR version 4.1.0, MPC version 1.2.1, isl version none
GGC heuristics: --param ggc-min-expand=100 --param ggc-min-heapsize=131072
ignoring nonexistent directory "/opt/rk3588_sdk/buildroot/output/latest/host/aarch64-buildroot-linux-gnu/sysroot/usr/local/include"
#include "..." search starts here:
#include <...> search starts here:
 /opt/rk3588_sdk/buildroot/output/pkrv_ako_secure/host/lib/gcc/aarch64-buildroot-linux-gnu/11.3.0/include
 /opt/rk3588_sdk/buildroot/output/pkrv_ako_secure/host/lib/gcc/aarch64-buildroot-linux-gnu/11.3.0/include-fixed
 /opt/rk3588_sdk/buildroot/output/pkrv_ako_secure/host/lib/gcc/aarch64-buildroot-linux-gnu/11.3.0/../../../../aarch64-buildroot-linux-gnu/include
 /opt/rk3588_sdk/buildroot/output/latest/host/aarch64-buildroot-linux-gnu/sysroot/usr/include
End of search list.
GNU C17 (Buildroot -ga42fee7b00) version 11.3.0 (aarch64-buildroot-linux-gnu)
	compiled by GNU C version 7.5.0, GMP version 6.2.1, MPFR version 4.1.0, MPC version 1.2.1, isl version none
GGC heuristics: --param ggc-min-expand=100 --param ggc-min-heapsize=131072
Compiler executable checksum: 970ba24c50ae468f362e03cf8516f5aa
COLLECT_GCC_OPTIONS='-fstack-protector-strong' '-fPIE' '-Os' '-g0' '-v' '-pie' '-D' '_LARGEFILE_SOURCE' '-D' '_LARGEFILE64_SOURCE' '-D' '_FILE_OFFSET_BITS=64' '-D' '_FORTIFY_SOURCE=1' '-D' 'NDEBUG' '-c' '-o' 'CMakeFiles/cmTC_5849f.dir/CMakeCCompilerABI.c.o' '-mcpu=cortex-a76.cortex-a55' '-mlittle-endian' '-mabi=lp64' '-dumpdir' 'CMakeFiles/cmTC_5849f.dir/'
 /opt/rk3588_sdk/buildroot/output/pkrv_ako_secure/host/lib/gcc/aarch64-buildroot-linux-gnu/11.3.0/../../../../aarch64-buildroot-linux-gnu/bin/as -v -EL -march=armv8.2-a+fp16+rcpc+dotprod -mabi=lp64 -o CMakeFiles/cmTC_5849f.dir/CMakeCCompilerABI.c.o /tmp/cczmOfFb.s
GNU assembler version 2.37 (aarch64-buildroot-linux-gnu) using BFD version (GNU Binutils) 2.37
COMPILER_PATH=/opt/rk3588_sdk/buildroot/output/pkrv_ako_secure/host/libexec/gcc/aarch64-buildroot-linux-gnu/11.3.0/:/opt/rk3588_sdk/buildroot/output/pkrv_ako_secure/host/libexec/gcc/aarch64-buildroot-linux-gnu/11.3.0/:/opt/rk3588_sdk/buildroot/output/pkrv_ako_secure/host/libexec/gcc/aarch64-buildroot-linux-gnu/:/opt/rk3588_sdk/buildroot/output/pkrv_ako_secure/host/lib/gcc/aarch64-buildroot-linux-gnu/11.3.0/:/opt/rk3588_sdk/buildroot/output/pkrv_ako_secure/host/lib/gcc/aarch64-buildroot-linux-gnu/:/opt/rk3588_sdk/buildroot/output/pkrv_ako_secure/host/lib/gcc/aarch64-buildroot-linux-gnu/11.3.0/../../../../aarch64-buildroot-linux-gnu/bin/
LIBRARY_PATH=/opt/rk3588_sdk/buildroot/output/pkrv_ako_secure/host/lib/gcc/aarch64-buildroot-linux-gnu/11.3.0/:/opt/rk3588_sdk/buildroot/output/pkrv_ako_secure/host/lib/gcc/aarch64-buildroot-linux-gnu/11.3.0/../../../../aarch64-buildroot-linux-gnu/lib/../lib64/:/opt/rk3588_sdk/buildroot/output/latest/host/aarch64-buildroot-linux-gnu/sysroot/lib/../lib64/:/opt/rk3588_sdk/buildroot/output/latest/host/aarch64-buildroot-linux-gnu/sysroot/usr/lib/../lib64/:/opt/rk3588_sdk/buildroot/output/pkrv_ako_secure/host/lib/gcc/aarch64-buildroot-linux-gnu/11.3.0/../../../../aarch64-buildroot-linux-gnu/lib/:/opt/rk3588_sdk/buildroot/output/latest/host/aarch64-buildroot-linux-gnu/sysroot/lib/:/opt/rk3588_sdk/buildroot/output/latest/host/aarch64-buildroot-linux-gnu/sysroot/usr/lib/
COLLECT_GCC_OPTIONS='-fstack-protector-strong' '-fPIE' '-Os' '-g0' '-v' '-pie' '-D' '_LARGEFILE_SOURCE' '-D' '_LARGEFILE64_SOURCE' '-D' '_FILE_OFFSET_BITS=64' '-D' '_FORTIFY_SOURCE=1' '-D' 'NDEBUG' '-c' '-o' 'CMakeFiles/cmTC_5849f.dir/CMakeCCompilerABI.c.o' '-mcpu=cortex-a76.cortex-a55' '-mlittle-endian' '-mabi=lp64' '-dumpdir' 'CMakeFiles/cmTC_5849f.dir/CMakeCCompilerABI.c.'
Linking C executable cmTC_4c454
/opt/rk3588_sdk/buildroot/output/pkrv_ako_secure/host/bin/cmake -E cmake_link_script CMakeFiles/cmTC_4c454.dir/link.txt --verbose=1
/opt/rk3588_sdk/buildroot/output/latest/host/bin/aarch64-buildroot-linux-gnu-gcc --sysroot=/opt/rk3588_sdk/buildroot/output/latest/host/aarch64-buildroot-linux-gnu/sysroot -D_LARGEFILE_SOURCE -D_LARGEFILE64_SOURCE -D_FILE_OFFSET_BITS=64 -Os -g0 -D_FORTIFY_SOURCE=1   -DNDEBUG  -v CMakeFiles/cmTC_4c454.dir/CMakeCCompilerABI.c.o -o cmTC_4c454 
Using built-in specs.
COLLECT_GCC=/opt/rk3588_sdk/buildroot/output/pkrv_ako_secure/host/bin/aarch64-buildroot-linux-gnu-gcc.br_real
COLLECT_LTO_WRAPPER=/opt/rk3588_sdk/buildroot/output/pkrv_ako_secure/host/libexec/gcc/aarch64-buildroot-linux-gnu/11.3.0/lto-wrapper
Target: aarch64-buildroot-linux-gnu
Configured with: ./configure --prefix=/opt/rk3588_sdk/buildroot/output/pkrv_ako_secure/host --sysconfdir=/opt/rk3588_sdk/buildroot/output/pkrv_ako_secure/host/etc --enable-static --target=aarch64-buildroot-linux-gnu --with-sysroot=/opt/rk3588_sdk/buildroot/output/pkrv_ako_secure/host/aarch64-buildroot-linux-gnu/sysroot --enable-__cxa_atexit --with-gnu-ld --disable-libssp --disable-multilib --disable-decimal-float --enable-plugins --enable-lto --with-gmp=/opt/rk3588_sdk/buildroot/output/pkrv_ako_secure/host --with-mpc=/opt/rk3588_sdk/buildroot/output/pkrv_ako_secure/host --with-mpfr=/opt/rk3588_sdk/buildroot/output/pkrv_ako_secure/host --with-pkgversion='Buildroot -ga42fee7b00' --with-bugurl=http://bugs.buildroot.net/ --without-zstd --disable-libquadmath --disable-libquadmath-support --enable-tls --enable-threads --without-isl --without-cloog --with-abi=lp64 --with-cpu=cortex-a76.cortex-a55 --enable-languages=c,c++,fortran --with-build-time-tools=/opt/rk3588_sdk/buildroot/output/pkrv_ako_secure/host/aarch64-buildroot-linux-gnu/bin --enable-shared --enable-libgomp
Thread model: posix
Supported LTO compression algorithms: zlib
gcc version 11.3.0 (Buildroot -ga42fee7b00) 
COMPILER_PATH=/opt/rk3588_sdk/buildroot/output/pkrv_ako_secure/host/libexec/gcc/aarch64-buildroot-linux-gnu/11.3.0/:/opt/rk3588_sdk/buildroot/output/pkrv_ako_secure/host/libexec/gcc/aarch64-buildroot-linux-gnu/11.3.0/:/opt/rk3588_sdk/buildroot/output/pkrv_ako_secure/host/libexec/gcc/aarch64-buildroot-linux-gnu/:/opt/rk3588_sdk/buildroot/output/pkrv_ako_secure/host/lib/gcc/aarch64-buildroot-linux-gnu/11.3.0/:/opt/rk3588_sdk/buildroot/output/pkrv_ako_secure/host/lib/gcc/aarch64-buildroot-linux-gnu/:/opt/rk3588_sdk/buildroot/output/pkrv_ako_secure/host/lib/gcc/aarch64-buildroot-linux-gnu/11.3.0/../../../../aarch64-buildroot-linux-gnu/bin/
LIBRARY_PATH=/opt/rk3588_sdk/buildroot/output/pkrv_ako_secure/host/lib/gcc/aarch64-buildroot-linux-gnu/11.3.0/:/opt/rk3588_sdk/buildroot/output/pkrv_ako_secure/host/lib/gcc/aarch64-buildroot-linux-gnu/11.3.0/../../../../aarch64-buildroot-linux-gnu/lib/../lib64/:/opt/rk3588_sdk/buildroot/output/latest/host/aarch64-buildroot-linux-gnu/sysroot/lib/../lib64/:/opt/rk3588_sdk/buildroot/output/latest/host/aarch64-buildroot-linux-gnu/sysroot/usr/lib/../lib64/:/opt/rk3588_sdk/buildroot/output/pkrv_ako_secure/host/lib/gcc/aarch64-buildroot-linux-gnu/11.3.0/../../../../aarch64-buildroot-linux-gnu/lib/:/opt/rk3588_sdk/buildroot/output/latest/host/aarch64-buildroot-linux-gnu/sysroot/lib/:/opt/rk3588_sdk/buildroot/output/latest/host/aarch64-buildroot-linux-gnu/sysroot/usr/lib/
COLLECT_GCC_OPTIONS='-fstack-protector-strong' '-fPIE' '-pie' '-D' '_LARGEFILE_SOURCE' '-D' '_LARGEFILE64_SOURCE' '-D' '_FILE_OFFSET_BITS=64' '-Os' '-g0' '-D' '_FORTIFY_SOURCE=1' '-D' 'NDEBUG' '-v' '-o' 'cmTC_4c454' '-mcpu=cortex-a76.cortex-a55' '-mlittle-endian' '-mabi=lp64' '-dumpdir' 'cmTC_4c454.'
 /opt/rk3588_sdk/buildroot/output/pkrv_ako_secure/host/libexec/gcc/aarch64-buildroot-linux-gnu/11.3.0/collect2 -plugin /opt/rk3588_sdk/buildroot/output/pkrv_ako_secure/host/libexec/gcc/aarch64-buildroot-linux-gnu/11.3.0/liblto_plugin.so -plugin-opt=/opt/rk3588_sdk/buildroot/output/pkrv_ako_secure/host/libexec/gcc/aarch64-buildroot-linux-gnu/11.3.0/lto-wrapper -plugin-opt=-fresolution=/tmp/cctiIiNx.res -plugin-opt=-pass-through=-lgcc -plugin-opt=-pass-through=-lgcc_s -plugin-opt=-pass-through=-lc -plugin-opt=-pass-through=-lgcc -plugin-opt=-pass-through=-lgcc_s --sysroot=/opt/rk3588_sdk/buildroot/output/latest/host/aarch64-buildroot-linux-gnu/sysroot --eh-frame-hdr -dynamic-linker /lib/ld-linux-aarch64.so.1 -X -EL -maarch64linux -pie -o cmTC_4c454 /opt/rk3588_sdk/buildroot/output/latest/host/aarch64-buildroot-linux-gnu/sysroot/lib/../lib64/Scrt1.o /opt/rk3588_sdk/buildroot/output/latest/host/aarch64-buildroot-linux-gnu/sysroot/lib/../lib64/crti.o /opt/rk3588_sdk/buildroot/output/pkrv_ako_secure/host/lib/gcc/aarch64-buildroot-linux-gnu/11.3.0/crtbeginS.o -L/opt/rk3588_sdk/buildroot/output/pkrv_ako_secure/host/lib/gcc/aarch64-buildroot-linux-gnu/11.3.0 -L/opt/rk3588_sdk/buildroot/output/pkrv_ako_secure/host/lib/gcc/aarch64-buildroot-linux-gnu/11.3.0/../../../../aarch64-buildroot-linux-gnu/lib/../lib64 -L/opt/rk3588_sdk/buildroot/output/latest/host/aarch64-buildroot-linux-gnu/sysroot/lib/../lib64 -L/opt/rk3588_sdk/buildroot/output/latest/host/aarch64-buildroot-linux-gnu/sysroot/usr/lib/../lib64 -L/opt/rk3588_sdk/buildroot/output/pkrv_ako_secure/host/lib/gcc/aarch64-buildroot-linux-gnu/11.3.0/../../../../aarch64-buildroot-linux-gnu/lib -L/opt/rk3588_sdk/buildroot/output/latest/host/aarch64-buildroot-linux-gnu/sysroot/lib -L/opt/rk3588_sdk/buildroot/output/latest/host/aarch64-buildroot-linux-gnu/sysroot/usr/lib -z now -z relro CMakeFiles/cmTC_4c454.dir/CMakeCCompilerABI.c.o -lgcc --push-state --as-needed -lgcc_s --pop-state -lc -lgcc --push-state --as-needed -lgcc_s --pop-state /opt/rk3588_sdk/buildroot/output/pkrv_ako_secure/host/lib/gcc/aarch64-buildroot-linux-gnu/11.3.0/crtendS.o /opt/rk3588_sdk/buildroot/output/latest/host/aarch64-buildroot-linux-gnu/sysroot/lib/../lib64/crtn.o
COLLECT_GCC_OPTIONS='-fstack-protector-strong' '-fPIE' '-pie' '-D' '_LARGEFILE_SOURCE' '-D' '_LARGEFILE64_SOURCE' '-D' '_FILE_OFFSET_BITS=64' '-Os' '-g0' '-D' '_FORTIFY_SOURCE=1' '-D' 'NDEBUG' '-v' '-o' 'cmTC_4c454' '-mcpu=cortex-a76.cortex-a55' '-mlittle-endian' '-mabi=lp64' '-dumpdir' 'cmTC_4c454.'
gmake[2]: Leaving directory '/home/achernatkin/lightning_gpu/lightning_gpu/Release/CMakeFiles/CMakeTmp'
gmake[1]: Leaving directory '/home/achernatkin/lightning_gpu/lightning_gpu/Release/CMakeFiles/CMakeTmp'



Parsed C implicit include dir info from above output: rv=done
  found start of include info
  found start of implicit include info
    add: [/opt/rk3588_sdk/buildroot/output/pkrv_ako_secure/host/lib/gcc/aarch64-buildroot-linux-gnu/11.3.0/include]
    add: [/opt/rk3588_sdk/buildroot/output/pkrv_ako_secure/host/lib/gcc/aarch64-buildroot-linux-gnu/11.3.0/include-fixed]
    add: [/opt/rk3588_sdk/buildroot/output/pkrv_ako_secure/host/lib/gcc/aarch64-buildroot-linux-gnu/11.3.0/../../../../aarch64-buildroot-linux-gnu/include]
    add: [/opt/rk3588_sdk/buildroot/output/latest/host/aarch64-buildroot-linux-gnu/sysroot/usr/include]
  end of search list found
  collapse include dir [/opt/rk3588_sdk/buildroot/output/pkrv_ako_secure/host/lib/gcc/aarch64-buildroot-linux-gnu/11.3.0/include] ==> [/opt/rk3588_sdk/buildroot/output/pkrv_ako_secure/host/lib/gcc/aarch64-buildroot-linux-gnu/11.3.0/include]
  collapse include dir [/opt/rk3588_sdk/buildroot/output/pkrv_ako_secure/host/lib/gcc/aarch64-buildroot-linux-gnu/11.3.0/include-fixed] ==> [/opt/rk3588_sdk/buildroot/output/pkrv_ako_secure/host/lib/gcc/aarch64-buildroot-linux-gnu/11.3.0/include-fixed]
  collapse include dir [/opt/rk3588_sdk/buildroot/output/pkrv_ako_secure/host/lib/gcc/aarch64-buildroot-linux-gnu/11.3.0/../../../../aarch64-buildroot-linux-gnu/include] ==> [/opt/rk3588_sdk/buildroot/output/pkrv_ako_secure/host/aarch64-buildroot-linux-gnu/include]
  collapse include dir [/opt/rk3588_sdk/buildroot/output/latest/host/aarch64-buildroot-linux-gnu/sysroot/usr/include] ==> [/opt/rk3588_sdk/buildroot/output/latest/host/aarch64-buildroot-linux-gnu/sysroot/usr/include]
  implicit include dirs: [/opt/rk3588_sdk/buildroot/output/pkrv_ako_secure/host/lib/gcc/aarch64-buildroot-linux-gnu/11.3.0/include;/opt/rk3588_sdk/buildroot/output/pkrv_ako_secure/host/lib/gcc/aarch64-buildroot-linux-gnu/11.3.0/include-fixed;/opt/rk3588_sdk/buildroot/output/pkrv_ako_secure/host/aarch64-buildroot-linux-gnu/include;/opt/rk3588_sdk/buildroot/output/latest/host/aarch64-buildroot-linux-gnu/sysroot/usr/include]


Parsed C implicit link information from above output:
  link line regex: [^( *|.*[/\])(aarch64-buildroot-linux-gnu-ld|CMAKE_LINK_STARTFILE-NOTFOUND|([^/\]+-)?ld|collect2)[^/\]*( |$)]
  ignore line: [Change Dir: /home/achernatkin/lightning_gpu/lightning_gpu/Release/CMakeFiles/CMakeTmp]
  ignore line: []
  ignore line: [Run Build Command(s):/usr/bin/gmake -f Makefile cmTC_4c454/fast && gmake[1]: Entering directory '/home/achernatkin/lightning_gpu/lightning_gpu/Release/CMakeFiles/CMakeTmp']
  ignore line: [/usr/bin/gmake  -f CMakeFiles/cmTC_4c454.dir/build.make CMakeFiles/cmTC_4c454.dir/build]
  ignore line: [gmake[2]: Entering directory '/home/achernatkin/lightning_gpu/lightning_gpu/Release/CMakeFiles/CMakeTmp']
  ignore line: [Building C object CMakeFiles/cmTC_4c454.dir/CMakeCCompilerABI.c.o]
  ignore line: [/opt/rk3588_sdk/buildroot/output/latest/host/bin/aarch64-buildroot-linux-gnu-gcc --sysroot=/opt/rk3588_sdk/buildroot/output/latest/host/aarch64-buildroot-linux-gnu/sysroot   -D_LARGEFILE_SOURCE -D_LARGEFILE64_SOURCE -D_FILE_OFFSET_BITS=64 -Os -g0 -D_FORTIFY_SOURCE=1   -DNDEBUG   -v -o CMakeFiles/cmTC_4c454.dir/CMakeCCompilerABI.c.o -c /opt/rk3588_sdk/buildroot/output/pkrv_ako_secure/host/share/cmake-3.22/Modules/CMakeCCompilerABI.c]
  ignore line: [Using built-in specs.]
  ignore line: [COLLECT_GCC=/opt/rk3588_sdk/buildroot/output/pkrv_ako_secure/host/bin/aarch64-buildroot-linux-gnu-gcc.br_real]
  ignore line: [Target: aarch64-buildroot-linux-gnu]
  ignore line: [Configured with: ./configure --prefix=/opt/rk3588_sdk/buildroot/output/pkrv_ako_secure/host --sysconfdir=/opt/rk3588_sdk/buildroot/output/pkrv_ako_secure/host/etc --enable-static --target=aarch64-buildroot-linux-gnu --with-sysroot=/opt/rk3588_sdk/buildroot/output/pkrv_ako_secure/host/aarch64-buildroot-linux-gnu/sysroot --enable-__cxa_atexit --with-gnu-ld --disable-libssp --disable-multilib --disable-decimal-float --enable-plugins --enable-lto --with-gmp=/opt/rk3588_sdk/buildroot/output/pkrv_ako_secure/host --with-mpc=/opt/rk3588_sdk/buildroot/output/pkrv_ako_secure/host --with-mpfr=/opt/rk3588_sdk/buildroot/output/pkrv_ako_secure/host --with-pkgversion='Buildroot -ga42fee7b00' --with-bugurl=http://bugs.buildroot.net/ --without-zstd --disable-libquadmath --disable-libquadmath-support --enable-tls --enable-threads --without-isl --without-cloog --with-abi=lp64 --with-cpu=cortex-a76.cortex-a55 --enable-languages=c,c++,fortran --with-build-time-tools=/opt/rk3588_sdk/buildroot/output/pkrv_ako_secure/host/aarch64-buildroot-linux-gnu/bin --enable-shared --enable-libgomp]
  ignore line: [Thread model: posix]
  ignore line: [Supported LTO compression algorithms: zlib]
  ignore line: [gcc version 11.3.0 (Buildroot -ga42fee7b00) ]
  ignore line: [COLLECT_GCC_OPTIONS='-fstack-protector-strong' '-fPIE' '-Os' '-g0' '-v' '-pie' '-D' '_LARGEFILE_SOURCE' '-D' '_LARGEFILE64_SOURCE' '-D' '_FILE_OFFSET_BITS=64' '-D' '_FORTIFY_SOURCE=1' '-D' 'NDEBUG' '-c' '-o' 'CMakeFiles/cmTC_5849f.dir/CMakeCCompilerABI.c.o' '-mcpu=cortex-a76.cortex-a55' '-mlittle-endian' '-mabi=lp64' '-dumpdir' 'CMakeFiles/cmTC_5849f.dir/']
  ignore line: [ /opt/rk3588_sdk/buildroot/output/pkrv_ako_secure/host/libexec/gcc/aarch64-buildroot-linux-gnu/11.3.0/cc1 -quiet -v -isysroot /opt/rk3588_sdk/buildroot/output/latest/host/aarch64-buildroot-linux-gnu/sysroot -D _LARGEFILE_SOURCE -D _LARGEFILE64_SOURCE -D _FILE_OFFSET_BITS=64 -D _FORTIFY_SOURCE=1 -D NDEBUG ../../../../../../../opt/rk3588_sdk/buildroot/output/pkrv_ako_secure/host/share/cmake-3.22/Modules/CMakeCCompilerABI.c -quiet -dumpdir CMakeFiles/cmTC_5849f.dir/ -dumpbase CMakeCCompilerABI.c.c -dumpbase-ext .c -mcpu=cortex-a76.cortex-a55 -mlittle-endian -mabi=lp64 -g0 -Os -version -fstack-protector-strong -fPIE -o /tmp/cczmOfFb.s]
  ignore line: [GNU C17 (Buildroot -ga42fee7b00) version 11.3.0 (aarch64-buildroot-linux-gnu)]
  ignore line: [	compiled by GNU C version 7.5.0  GMP version 6.2.1  MPFR version 4.1.0  MPC version 1.2.1  isl version none]
  ignore line: [GGC heuristics: --param ggc-min-expand=100 --param ggc-min-heapsize=131072]
  ignore line: [ignoring nonexistent directory "/opt/rk3588_sdk/buildroot/output/latest/host/aarch64-buildroot-linux-gnu/sysroot/usr/local/include"]
  ignore line: [#include "..." search starts here:]
  ignore line: [#include <...> search starts here:]
  ignore line: [ /opt/rk3588_sdk/buildroot/output/pkrv_ako_secure/host/lib/gcc/aarch64-buildroot-linux-gnu/11.3.0/include]
  ignore line: [ /opt/rk3588_sdk/buildroot/output/pkrv_ako_secure/host/lib/gcc/aarch64-buildroot-linux-gnu/11.3.0/include-fixed]
  ignore line: [ /opt/rk3588_sdk/buildroot/output/pkrv_ako_secure/host/lib/gcc/aarch64-buildroot-linux-gnu/11.3.0/../../../../aarch64-buildroot-linux-gnu/include]
  ignore line: [ /opt/rk3588_sdk/buildroot/output/latest/host/aarch64-buildroot-linux-gnu/sysroot/usr/include]
  ignore line: [End of search list.]
  ignore line: [GNU C17 (Buildroot -ga42fee7b00) version 11.3.0 (aarch64-buildroot-linux-gnu)]
  ignore line: [	compiled by GNU C version 7.5.0  GMP version 6.2.1  MPFR version 4.1.0  MPC version 1.2.1  isl version none]
  ignore line: [GGC heuristics: --param ggc-min-expand=100 --param ggc-min-heapsize=131072]
  ignore line: [Compiler executable checksum: 970ba24c50ae468f362e03cf8516f5aa]
  ignore line: [COLLECT_GCC_OPTIONS='-fstack-protector-strong' '-fPIE' '-Os' '-g0' '-v' '-pie' '-D' '_LARGEFILE_SOURCE' '-D' '_LARGEFILE64_SOURCE' '-D' '_FILE_OFFSET_BITS=64' '-D' '_FORTIFY_SOURCE=1' '-D' 'NDEBUG' '-c' '-o' 'CMakeFiles/cmTC_5849f.dir/CMakeCCompilerABI.c.o' '-mcpu=cortex-a76.cortex-a55' '-mlittle-endian' '-mabi=lp64' '-dumpdir' 'CMakeFiles/cmTC_5849f.dir/']
  ignore line: [ /opt/rk3588_sdk/buildroot/output/pkrv_ako_secure/host/lib/gcc/aarch64-buildroot-linux-gnu/11.3.0/../../../../aarch64-buildroot-linux-gnu/bin/as -v -EL -march=armv8.2-a+fp16+rcpc+dotprod -mabi=lp64 -o CMakeFiles/cmTC_5849f.dir/CMakeCCompilerABI.c.o /tmp/cczmOfFb.s]
  ignore line: [GNU assembler version 2.37 (aarch64-buildroot-linux-gnu) using BFD version (GNU Binutils) 2.37]
  ignore line: [COMPILER_PATH=/opt/rk3588_sdk/buildroot/output/pkrv_ako_secure/host/libexec/gcc/aarch64-buildroot-linux-gnu/11.3.0/:/opt/rk3588_sdk/buildroot/output/pkrv_ako_secure/host/libexec/gcc/aarch64-buildroot-linux-gnu/11.3.0/:/opt/rk3588_sdk/buildroot/output/pkrv_ako_secure/host/libexec/gcc/aarch64-buildroot-linux-gnu/:/opt/rk3588_sdk/buildroot/output/pkrv_ako_secure/host/lib/gcc/aarch64-buildroot-linux-gnu/11.3.0/:/opt/rk3588_sdk/buildroot/output/pkrv_ako_secure/host/lib/gcc/aarch64-buildroot-linux-gnu/:/opt/rk3588_sdk/buildroot/output/pkrv_ako_secure/host/lib/gcc/aarch64-buildroot-linux-gnu/11.3.0/../../../../aarch64-buildroot-linux-gnu/bin/]
  ignore line: [LIBRARY_PATH=/opt/rk3588_sdk/buildroot/output/pkrv_ako_secure/host/lib/gcc/aarch64-buildroot-linux-gnu/11.3.0/:/opt/rk3588_sdk/buildroot/output/pkrv_ako_secure/host/lib/gcc/aarch64-buildroot-linux-gnu/11.3.0/../../../../aarch64-buildroot-linux-gnu/lib/../lib64/:/opt/rk3588_sdk/buildroot/output/latest/host/aarch64-buildroot-linux-gnu/sysroot/lib/../lib64/:/opt/rk3588_sdk/buildroot/output/latest/host/aarch64-buildroot-linux-gnu/sysroot/usr/lib/../lib64/:/opt/rk3588_sdk/buildroot/output/pkrv_ako_secure/host/lib/gcc/aarch64-buildroot-linux-gnu/11.3.0/../../../../aarch64-buildroot-linux-gnu/lib/:/opt/rk3588_sdk/buildroot/output/latest/host/aarch64-buildroot-linux-gnu/sysroot/lib/:/opt/rk3588_sdk/buildroot/output/latest/host/aarch64-buildroot-linux-gnu/sysroot/usr/lib/]
  ignore line: [COLLECT_GCC_OPTIONS='-fstack-protector-strong' '-fPIE' '-Os' '-g0' '-v' '-pie' '-D' '_LARGEFILE_SOURCE' '-D' '_LARGEFILE64_SOURCE' '-D' '_FILE_OFFSET_BITS=64' '-D' '_FORTIFY_SOURCE=1' '-D' 'NDEBUG' '-c' '-o' 'CMakeFiles/cmTC_5849f.dir/CMakeCCompilerABI.c.o' '-mcpu=cortex-a76.cortex-a55' '-mlittle-endian' '-mabi=lp64' '-dumpdir' 'CMakeFiles/cmTC_5849f.dir/CMakeCCompilerABI.c.']
  ignore line: [Linking C executable cmTC_4c454]
  ignore line: [/opt/rk3588_sdk/buildroot/output/pkrv_ako_secure/host/bin/cmake -E cmake_link_script CMakeFiles/cmTC_4c454.dir/link.txt --verbose=1]
  ignore line: [/opt/rk3588_sdk/buildroot/output/latest/host/bin/aarch64-buildroot-linux-gnu-gcc --sysroot=/opt/rk3588_sdk/buildroot/output/latest/host/aarch64-buildroot-linux-gnu/sysroot -D_LARGEFILE_SOURCE -D_LARGEFILE64_SOURCE -D_FILE_OFFSET_BITS=64 -Os -g0 -D_FORTIFY_SOURCE=1   -DNDEBUG  -v CMakeFiles/cmTC_4c454.dir/CMakeCCompilerABI.c.o -o cmTC_4c454 ]
  ignore line: [Using built-in specs.]
  ignore line: [COLLECT_GCC=/opt/rk3588_sdk/buildroot/output/pkrv_ako_secure/host/bin/aarch64-buildroot-linux-gnu-gcc.br_real]
  ignore line: [COLLECT_LTO_WRAPPER=/opt/rk3588_sdk/buildroot/output/pkrv_ako_secure/host/libexec/gcc/aarch64-buildroot-linux-gnu/11.3.0/lto-wrapper]
  ignore line: [Target: aarch64-buildroot-linux-gnu]
  ignore line: [Configured with: ./configure --prefix=/opt/rk3588_sdk/buildroot/output/pkrv_ako_secure/host --sysconfdir=/opt/rk3588_sdk/buildroot/output/pkrv_ako_secure/host/etc --enable-static --target=aarch64-buildroot-linux-gnu --with-sysroot=/opt/rk3588_sdk/buildroot/output/pkrv_ako_secure/host/aarch64-buildroot-linux-gnu/sysroot --enable-__cxa_atexit --with-gnu-ld --disable-libssp --disable-multilib --disable-decimal-float --enable-plugins --enable-lto --with-gmp=/opt/rk3588_sdk/buildroot/output/pkrv_ako_secure/host --with-mpc=/opt/rk3588_sdk/buildroot/output/pkrv_ako_secure/host --with-mpfr=/opt/rk3588_sdk/buildroot/output/pkrv_ako_secure/host --with-pkgversion='Buildroot -ga42fee7b00' --with-bugurl=http://bugs.buildroot.net/ --without-zstd --disable-libquadmath --disable-libquadmath-support --enable-tls --enable-threads --without-isl --without-cloog --with-abi=lp64 --with-cpu=cortex-a76.cortex-a55 --enable-languages=c,c++,fortran --with-build-time-tools=/opt/rk3588_sdk/buildroot/output/pkrv_ako_secure/host/aarch64-buildroot-linux-gnu/bin --enable-shared --enable-libgomp]
  ignore line: [Thread model: posix]
  ignore line: [Supported LTO compression algorithms: zlib]
  ignore line: [gcc version 11.3.0 (Buildroot -ga42fee7b00) ]
  ignore line: [COMPILER_PATH=/opt/rk3588_sdk/buildroot/output/pkrv_ako_secure/host/libexec/gcc/aarch64-buildroot-linux-gnu/11.3.0/:/opt/rk3588_sdk/buildroot/output/pkrv_ako_secure/host/libexec/gcc/aarch64-buildroot-linux-gnu/11.3.0/:/opt/rk3588_sdk/buildroot/output/pkrv_ako_secure/host/libexec/gcc/aarch64-buildroot-linux-gnu/:/opt/rk3588_sdk/buildroot/output/pkrv_ako_secure/host/lib/gcc/aarch64-buildroot-linux-gnu/11.3.0/:/opt/rk3588_sdk/buildroot/output/pkrv_ako_secure/host/lib/gcc/aarch64-buildroot-linux-gnu/:/opt/rk3588_sdk/buildroot/output/pkrv_ako_secure/host/lib/gcc/aarch64-buildroot-linux-gnu/11.3.0/../../../../aarch64-buildroot-linux-gnu/bin/]
  ignore line: [LIBRARY_PATH=/opt/rk3588_sdk/buildroot/output/pkrv_ako_secure/host/lib/gcc/aarch64-buildroot-linux-gnu/11.3.0/:/opt/rk3588_sdk/buildroot/output/pkrv_ako_secure/host/lib/gcc/aarch64-buildroot-linux-gnu/11.3.0/../../../../aarch64-buildroot-linux-gnu/lib/../lib64/:/opt/rk3588_sdk/buildroot/output/latest/host/aarch64-buildroot-linux-gnu/sysroot/lib/../lib64/:/opt/rk3588_sdk/buildroot/output/latest/host/aarch64-buildroot-linux-gnu/sysroot/usr/lib/../lib64/:/opt/rk3588_sdk/buildroot/output/pkrv_ako_secure/host/lib/gcc/aarch64-buildroot-linux-gnu/11.3.0/../../../../aarch64-buildroot-linux-gnu/lib/:/opt/rk3588_sdk/buildroot/output/latest/host/aarch64-buildroot-linux-gnu/sysroot/lib/:/opt/rk3588_sdk/buildroot/output/latest/host/aarch64-buildroot-linux-gnu/sysroot/usr/lib/]
  ignore line: [COLLECT_GCC_OPTIONS='-fstack-protector-strong' '-fPIE' '-pie' '-D' '_LARGEFILE_SOURCE' '-D' '_LARGEFILE64_SOURCE' '-D' '_FILE_OFFSET_BITS=64' '-Os' '-g0' '-D' '_FORTIFY_SOURCE=1' '-D' 'NDEBUG' '-v' '-o' 'cmTC_4c454' '-mcpu=cortex-a76.cortex-a55' '-mlittle-endian' '-mabi=lp64' '-dumpdir' 'cmTC_4c454.']
  link line: [ /opt/rk3588_sdk/buildroot/output/pkrv_ako_secure/host/libexec/gcc/aarch64-buildroot-linux-gnu/11.3.0/collect2 -plugin /opt/rk3588_sdk/buildroot/output/pkrv_ako_secure/host/libexec/gcc/aarch64-buildroot-linux-gnu/11.3.0/liblto_plugin.so -plugin-opt=/opt/rk3588_sdk/buildroot/output/pkrv_ako_secure/host/libexec/gcc/aarch64-buildroot-linux-gnu/11.3.0/lto-wrapper -plugin-opt=-fresolution=/tmp/cctiIiNx.res -plugin-opt=-pass-through=-lgcc -plugin-opt=-pass-through=-lgcc_s -plugin-opt=-pass-through=-lc -plugin-opt=-pass-through=-lgcc -plugin-opt=-pass-through=-lgcc_s --sysroot=/opt/rk3588_sdk/buildroot/output/latest/host/aarch64-buildroot-linux-gnu/sysroot --eh-frame-hdr -dynamic-linker /lib/ld-linux-aarch64.so.1 -X -EL -maarch64linux -pie -o cmTC_4c454 /opt/rk3588_sdk/buildroot/output/latest/host/aarch64-buildroot-linux-gnu/sysroot/lib/../lib64/Scrt1.o /opt/rk3588_sdk/buildroot/output/latest/host/aarch64-buildroot-linux-gnu/sysroot/lib/../lib64/crti.o /opt/rk3588_sdk/buildroot/output/pkrv_ako_secure/host/lib/gcc/aarch64-buildroot-linux-gnu/11.3.0/crtbeginS.o -L/opt/rk3588_sdk/buildroot/output/pkrv_ako_secure/host/lib/gcc/aarch64-buildroot-linux-gnu/11.3.0 -L/opt/rk3588_sdk/buildroot/output/pkrv_ako_secure/host/lib/gcc/aarch64-buildroot-linux-gnu/11.3.0/../../../../aarch64-buildroot-linux-gnu/lib/../lib64 -L/opt/rk3588_sdk/buildroot/output/latest/host/aarch64-buildroot-linux-gnu/sysroot/lib/../lib64 -L/opt/rk3588_sdk/buildroot/output/latest/host/aarch64-buildroot-linux-gnu/sysroot/usr/lib/../lib64 -L/opt/rk3588_sdk/buildroot/output/pkrv_ako_secure/host/lib/gcc/aarch64-buildroot-linux-gnu/11.3.0/../../../../aarch64-buildroot-linux-gnu/lib -L/opt/rk3588_sdk/buildroot/output/latest/host/aarch64-buildroot-linux-gnu/sysroot/lib -L/opt/rk3588_sdk/buildroot/output/latest/host/aarch64-buildroot-linux-gnu/sysroot/usr/lib -z now -z relro CMakeFiles/cmTC_4c454.dir/CMakeCCompilerABI.c.o -lgcc --push-state --as-needed -lgcc_s --pop-state -lc -lgcc --push-state --as-needed -lgcc_s --pop-state /opt/rk3588_sdk/buildroot/output/pkrv_ako_secure/host/lib/gcc/aarch64-buildroot-linux-gnu/11.3.0/crtendS.o /opt/rk3588_sdk/buildroot/output/latest/host/aarch64-buildroot-linux-gnu/sysroot/lib/../lib64/crtn.o]
    arg [/opt/rk3588_sdk/buildroot/output/pkrv_ako_secure/host/libexec/gcc/aarch64-buildroot-linux-gnu/11.3.0/collect2] ==> ignore
    arg [-plugin] ==> ignore
    arg [/opt/rk3588_sdk/buildroot/output/pkrv_ako_secure/host/libexec/gcc/aarch64-buildroot-linux-gnu/11.3.0/liblto_plugin.so] ==> ignore
    arg [-plugin-opt=/opt/rk3588_sdk/buildroot/output/pkrv_ako_secure/host/libexec/gcc/aarch64-buildroot-linux-gnu/11.3.0/lto-wrapper] ==> ignore
    arg [-plugin-opt=-fresolution=/tmp/cctiIiNx.res] ==> ignore
    arg [-plugin-opt=-pass-through=-lgcc] ==> ignore
    arg [-plugin-opt=-pass-through=-lgcc_s] ==> ignore
    arg [-plugin-opt=-pass-through=-lc] ==> ignore
    arg [-plugin-opt=-pass-through=-lgcc] ==> ignore
    arg [-plugin-opt=-pass-through=-lgcc_s] ==> ignore
    arg [--sysroot=/opt/rk3588_sdk/buildroot/output/latest/host/aarch64-buildroot-linux-gnu/sysroot] ==> ignore
    arg [--eh-frame-hdr] ==> ignore
    arg [-dynamic-linker] ==> ignore
    arg [/lib/ld-linux-aarch64.so.1] ==> ignore
    arg [-X] ==> ignore
    arg [-EL] ==> ignore
    arg [-maarch64linux] ==> ignore
    arg [-pie] ==> ignore
    arg [-o] ==> ignore
    arg [cmTC_4c454] ==> ignore
    arg [/opt/rk3588_sdk/buildroot/output/latest/host/aarch64-buildroot-linux-gnu/sysroot/lib/../lib64/Scrt1.o] ==> obj [/opt/rk3588_sdk/buildroot/output/latest/host/aarch64-buildroot-linux-gnu/sysroot/lib/../lib64/Scrt1.o]
    arg [/opt/rk3588_sdk/buildroot/output/latest/host/aarch64-buildroot-linux-gnu/sysroot/lib/../lib64/crti.o] ==> obj [/opt/rk3588_sdk/buildroot/output/latest/host/aarch64-buildroot-linux-gnu/sysroot/lib/../lib64/crti.o]
    arg [/opt/rk3588_sdk/buildroot/output/pkrv_ako_secure/host/lib/gcc/aarch64-buildroot-linux-gnu/11.3.0/crtbeginS.o] ==> obj [/opt/rk3588_sdk/buildroot/output/pkrv_ako_secure/host/lib/gcc/aarch64-buildroot-linux-gnu/11.3.0/crtbeginS.o]
    arg [-L/opt/rk3588_sdk/buildroot/output/pkrv_ako_secure/host/lib/gcc/aarch64-buildroot-linux-gnu/11.3.0] ==> dir [/opt/rk3588_sdk/buildroot/output/pkrv_ako_secure/host/lib/gcc/aarch64-buildroot-linux-gnu/11.3.0]
    arg [-L/opt/rk3588_sdk/buildroot/output/pkrv_ako_secure/host/lib/gcc/aarch64-buildroot-linux-gnu/11.3.0/../../../../aarch64-buildroot-linux-gnu/lib/../lib64] ==> dir [/opt/rk3588_sdk/buildroot/output/pkrv_ako_secure/host/lib/gcc/aarch64-buildroot-linux-gnu/11.3.0/../../../../aarch64-buildroot-linux-gnu/lib/../lib64]
    arg [-L/opt/rk3588_sdk/buildroot/output/latest/host/aarch64-buildroot-linux-gnu/sysroot/lib/../lib64] ==> dir [/opt/rk3588_sdk/buildroot/output/latest/host/aarch64-buildroot-linux-gnu/sysroot/lib/../lib64]
    arg [-L/opt/rk3588_sdk/buildroot/output/latest/host/aarch64-buildroot-linux-gnu/sysroot/usr/lib/../lib64] ==> dir [/opt/rk3588_sdk/buildroot/output/latest/host/aarch64-buildroot-linux-gnu/sysroot/usr/lib/../lib64]
    arg [-L/opt/rk3588_sdk/buildroot/output/pkrv_ako_secure/host/lib/gcc/aarch64-buildroot-linux-gnu/11.3.0/../../../../aarch64-buildroot-linux-gnu/lib] ==> dir [/opt/rk3588_sdk/buildroot/output/pkrv_ako_secure/host/lib/gcc/aarch64-buildroot-linux-gnu/11.3.0/../../../../aarch64-buildroot-linux-gnu/lib]
    arg [-L/opt/rk3588_sdk/buildroot/output/latest/host/aarch64-buildroot-linux-gnu/sysroot/lib] ==> dir [/opt/rk3588_sdk/buildroot/output/latest/host/aarch64-buildroot-linux-gnu/sysroot/lib]
    arg [-L/opt/rk3588_sdk/buildroot/output/latest/host/aarch64-buildroot-linux-gnu/sysroot/usr/lib] ==> dir [/opt/rk3588_sdk/buildroot/output/latest/host/aarch64-buildroot-linux-gnu/sysroot/usr/lib]
    arg [-znow] ==> ignore
    arg [-zrelro] ==> ignore
    arg [CMakeFiles/cmTC_4c454.dir/CMakeCCompilerABI.c.o] ==> ignore
    arg [-lgcc] ==> lib [gcc]
    arg [--push-state] ==> ignore
    arg [--as-needed] ==> ignore
    arg [-lgcc_s] ==> lib [gcc_s]
    arg [--pop-state] ==> ignore
    arg [-lc] ==> lib [c]
    arg [-lgcc] ==> lib [gcc]
    arg [--push-state] ==> ignore
    arg [--as-needed] ==> ignore
    arg [-lgcc_s] ==> lib [gcc_s]
    arg [--pop-state] ==> ignore
    arg [/opt/rk3588_sdk/buildroot/output/pkrv_ako_secure/host/lib/gcc/aarch64-buildroot-linux-gnu/11.3.0/crtendS.o] ==> obj [/opt/rk3588_sdk/buildroot/output/pkrv_ako_secure/host/lib/gcc/aarch64-buildroot-linux-gnu/11.3.0/crtendS.o]
    arg [/opt/rk3588_sdk/buildroot/output/latest/host/aarch64-buildroot-linux-gnu/sysroot/lib/../lib64/crtn.o] ==> obj [/opt/rk3588_sdk/buildroot/output/latest/host/aarch64-buildroot-linux-gnu/sysroot/lib/../lib64/crtn.o]
  collapse obj [/opt/rk3588_sdk/buildroot/output/latest/host/aarch64-buildroot-linux-gnu/sysroot/lib/../lib64/Scrt1.o] ==> [/opt/rk3588_sdk/buildroot/output/latest/host/aarch64-buildroot-linux-gnu/sysroot/lib64/Scrt1.o]
  collapse obj [/opt/rk3588_sdk/buildroot/output/latest/host/aarch64-buildroot-linux-gnu/sysroot/lib/../lib64/crti.o] ==> [/opt/rk3588_sdk/buildroot/output/latest/host/aarch64-buildroot-linux-gnu/sysroot/lib64/crti.o]
  collapse obj [/opt/rk3588_sdk/buildroot/output/latest/host/aarch64-buildroot-linux-gnu/sysroot/lib/../lib64/crtn.o] ==> [/opt/rk3588_sdk/buildroot/output/latest/host/aarch64-buildroot-linux-gnu/sysroot/lib64/crtn.o]
  collapse library dir [/opt/rk3588_sdk/buildroot/output/pkrv_ako_secure/host/lib/gcc/aarch64-buildroot-linux-gnu/11.3.0] ==> [/opt/rk3588_sdk/buildroot/output/pkrv_ako_secure/host/lib/gcc/aarch64-buildroot-linux-gnu/11.3.0]
  collapse library dir [/opt/rk3588_sdk/buildroot/output/pkrv_ako_secure/host/lib/gcc/aarch64-buildroot-linux-gnu/11.3.0/../../../../aarch64-buildroot-linux-gnu/lib/../lib64] ==> [/opt/rk3588_sdk/buildroot/output/pkrv_ako_secure/host/aarch64-buildroot-linux-gnu/lib64]
  collapse library dir [/opt/rk3588_sdk/buildroot/output/latest/host/aarch64-buildroot-linux-gnu/sysroot/lib/../lib64] ==> [/opt/rk3588_sdk/buildroot/output/latest/host/aarch64-buildroot-linux-gnu/sysroot/lib64]
  collapse library dir [/opt/rk3588_sdk/buildroot/output/latest/host/aarch64-buildroot-linux-gnu/sysroot/usr/lib/../lib64] ==> [/opt/rk3588_sdk/buildroot/output/latest/host/aarch64-buildroot-linux-gnu/sysroot/usr/lib64]
  collapse library dir [/opt/rk3588_sdk/buildroot/output/pkrv_ako_secure/host/lib/gcc/aarch64-buildroot-linux-gnu/11.3.0/../../../../aarch64-buildroot-linux-gnu/lib] ==> [/opt/rk3588_sdk/buildroot/output/pkrv_ako_secure/host/aarch64-buildroot-linux-gnu/lib]
  collapse library dir [/opt/rk3588_sdk/buildroot/output/latest/host/aarch64-buildroot-linux-gnu/sysroot/lib] ==> [/opt/rk3588_sdk/buildroot/output/latest/host/aarch64-buildroot-linux-gnu/sysroot/lib]
  collapse library dir [/opt/rk3588_sdk/buildroot/output/latest/host/aarch64-buildroot-linux-gnu/sysroot/usr/lib] ==> [/opt/rk3588_sdk/buildroot/output/latest/host/aarch64-buildroot-linux-gnu/sysroot/usr/lib]
  implicit libs: [gcc;gcc_s;c;gcc;gcc_s]
  implicit objs: [/opt/rk3588_sdk/buildroot/output/latest/host/aarch64-buildroot-linux-gnu/sysroot/lib64/Scrt1.o;/opt/rk3588_sdk/buildroot/output/latest/host/aarch64-buildroot-linux-gnu/sysroot/lib64/crti.o;/opt/rk3588_sdk/buildroot/output/pkrv_ako_secure/host/lib/gcc/aarch64-buildroot-linux-gnu/11.3.0/crtbeginS.o;/opt/rk3588_sdk/buildroot/output/pkrv_ako_secure/host/lib/gcc/aarch64-buildroot-linux-gnu/11.3.0/crtendS.o;/opt/rk3588_sdk/buildroot/output/latest/host/aarch64-buildroot-linux-gnu/sysroot/lib64/crtn.o]
  implicit dirs: [/opt/rk3588_sdk/buildroot/output/pkrv_ako_secure/host/lib/gcc/aarch64-buildroot-linux-gnu/11.3.0;/opt/rk3588_sdk/buildroot/output/pkrv_ako_secure/host/aarch64-buildroot-linux-gnu/lib64;/opt/rk3588_sdk/buildroot/output/latest/host/aarch64-buildroot-linux-gnu/sysroot/lib64;/opt/rk3588_sdk/buildroot/output/latest/host/aarch64-buildroot-linux-gnu/sysroot/usr/lib64;/opt/rk3588_sdk/buildroot/output/pkrv_ako_secure/host/aarch64-buildroot-linux-gnu/lib;/opt/rk3588_sdk/buildroot/output/latest/host/aarch64-buildroot-linux-gnu/sysroot/lib;/opt/rk3588_sdk/buildroot/output/latest/host/aarch64-buildroot-linux-gnu/sysroot/usr/lib]
  implicit fwks: []


Detecting CXX compiler ABI info compiled with the following output:
Change Dir: /home/achernatkin/lightning_gpu/lightning_gpu/Release/CMakeFiles/CMakeTmp

Run Build Command(s):/usr/bin/gmake -f Makefile cmTC_538f9/fast && gmake[1]: Entering directory '/home/achernatkin/lightning_gpu/lightning_gpu/Release/CMakeFiles/CMakeTmp'
/usr/bin/gmake  -f CMakeFiles/cmTC_538f9.dir/build.make CMakeFiles/cmTC_538f9.dir/build
gmake[2]: Entering directory '/home/achernatkin/lightning_gpu/lightning_gpu/Release/CMakeFiles/CMakeTmp'
Building CXX object CMakeFiles/cmTC_538f9.dir/CMakeCXXCompilerABI.cpp.o
/opt/rk3588_sdk/buildroot/output/latest/host/bin/aarch64-buildroot-linux-gnu-g++ --sysroot=/opt/rk3588_sdk/buildroot/output/latest/host/aarch64-buildroot-linux-gnu/sysroot   -D_LARGEFILE_SOURCE -D_LARGEFILE64_SOURCE -D_FILE_OFFSET_BITS=64 -Os -g0 -D_FORTIFY_SOURCE=1   -DNDEBUG   -v -o CMakeFiles/cmTC_538f9.dir/CMakeCXXCompilerABI.cpp.o -c /opt/rk3588_sdk/buildroot/output/pkrv_ako_secure/host/share/cmake-3.22/Modules/CMakeCXXCompilerABI.cpp
Using built-in specs.
COLLECT_GCC=/opt/rk3588_sdk/buildroot/output/pkrv_ako_secure/host/bin/aarch64-buildroot-linux-gnu-g++.br_real
Target: aarch64-buildroot-linux-gnu
Configured with: ./configure --prefix=/opt/rk3588_sdk/buildroot/output/pkrv_ako_secure/host --sysconfdir=/opt/rk3588_sdk/buildroot/output/pkrv_ako_secure/host/etc --enable-static --target=aarch64-buildroot-linux-gnu --with-sysroot=/opt/rk3588_sdk/buildroot/output/pkrv_ako_secure/host/aarch64-buildroot-linux-gnu/sysroot --enable-__cxa_atexit --with-gnu-ld --disable-libssp --disable-multilib --disable-decimal-float --enable-plugins --enable-lto --with-gmp=/opt/rk3588_sdk/buildroot/output/pkrv_ako_secure/host --with-mpc=/opt/rk3588_sdk/buildroot/output/pkrv_ako_secure/host --with-mpfr=/opt/rk3588_sdk/buildroot/output/pkrv_ako_secure/host --with-pkgversion='Buildroot -ga42fee7b00' --with-bugurl=http://bugs.buildroot.net/ --without-zstd --disable-libquadmath --disable-libquadmath-support --enable-tls --enable-threads --without-isl --without-cloog --with-abi=lp64 --with-cpu=cortex-a76.cortex-a55 --enable-languages=c,c++,fortran --with-build-time-tools=/opt/rk3588_sdk/buildroot/output/pkrv_ako_secure/host/aarch64-buildroot-linux-gnu/bin --enable-shared --enable-libgomp
Thread model: posix
Supported LTO compression algorithms: zlib
gcc version 11.3.0 (Buildroot -ga42fee7b00) 
COLLECT_GCC_OPTIONS='-fstack-protector-strong' '-fPIE' '-Os' '-g0' '-v' '-pie' '-D' '_LARGEFILE_SOURCE' '-D' '_LARGEFILE64_SOURCE' '-D' '_FILE_OFFSET_BITS=64' '-D' '_FORTIFY_SOURCE=1' '-D' 'NDEBUG' '-c' '-o' 'CMakeFiles/cmTC_a96ad.dir/CMakeCXXCompilerABI.cpp.o' '-shared-libgcc' '-mcpu=cortex-a76.cortex-a55' '-mlittle-endian' '-mabi=lp64' '-dumpdir' 'CMakeFiles/cmTC_a96ad.dir/'
 /opt/rk3588_sdk/buildroot/output/pkrv_ako_secure/host/libexec/gcc/aarch64-buildroot-linux-gnu/11.3.0/cc1plus -quiet -v -isysroot /opt/rk3588_sdk/buildroot/output/latest/host/aarch64-buildroot-linux-gnu/sysroot -D_GNU_SOURCE -D _LARGEFILE_SOURCE -D _LARGEFILE64_SOURCE -D _FILE_OFFSET_BITS=64 -D _FORTIFY_SOURCE=1 -D NDEBUG ../../../../../../../opt/rk3588_sdk/buildroot/output/pkrv_ako_secure/host/share/cmake-3.22/Modules/CMakeCXXCompilerABI.cpp -quiet -dumpdir CMakeFiles/cmTC_a96ad.dir/ -dumpbase CMakeCXXCompilerABI.cpp.cpp -dumpbase-ext .cpp -mcpu=cortex-a76.cortex-a55 -mlittle-endian -mabi=lp64 -g0 -Os -version -fstack-protector-strong -fPIE -o /tmp/cc0ikNO7.s
GNU C++17 (Buildroot -ga42fee7b00) version 11.3.0 (aarch64-buildroot-linux-gnu)
	compiled by GNU C version 7.5.0, GMP version 6.2.1, MPFR version 4.1.0, MPC version 1.2.1, isl version none
GGC heuristics: --param ggc-min-expand=100 --param ggc-min-heapsize=131072
ignoring nonexistent directory "/opt/rk3588_sdk/buildroot/output/latest/host/aarch64-buildroot-linux-gnu/sysroot/usr/local/include"
#include "..." search starts here:
#include <...> search starts here:
 /opt/rk3588_sdk/buildroot/output/pkrv_ako_secure/host/lib/gcc/aarch64-buildroot-linux-gnu/11.3.0/../../../../aarch64-buildroot-linux-gnu/include/c++/11.3.0
 /opt/rk3588_sdk/buildroot/output/pkrv_ako_secure/host/lib/gcc/aarch64-buildroot-linux-gnu/11.3.0/../../../../aarch64-buildroot-linux-gnu/include/c++/11.3.0/aarch64-buildroot-linux-gnu
 /opt/rk3588_sdk/buildroot/output/pkrv_ako_secure/host/lib/gcc/aarch64-buildroot-linux-gnu/11.3.0/../../../../aarch64-buildroot-linux-gnu/include/c++/11.3.0/backward
 /opt/rk3588_sdk/buildroot/output/pkrv_ako_secure/host/lib/gcc/aarch64-buildroot-linux-gnu/11.3.0/include
 /opt/rk3588_sdk/buildroot/output/pkrv_ako_secure/host/lib/gcc/aarch64-buildroot-linux-gnu/11.3.0/include-fixed
 /opt/rk3588_sdk/buildroot/output/pkrv_ako_secure/host/lib/gcc/aarch64-buildroot-linux-gnu/11.3.0/../../../../aarch64-buildroot-linux-gnu/include
 /opt/rk3588_sdk/buildroot/output/latest/host/aarch64-buildroot-linux-gnu/sysroot/usr/include
End of search list.
GNU C++17 (Buildroot -ga42fee7b00) version 11.3.0 (aarch64-buildroot-linux-gnu)
	compiled by GNU C version 7.5.0, GMP version 6.2.1, MPFR version 4.1.0, MPC version 1.2.1, isl version none
GGC heuristics: --param ggc-min-expand=100 --param ggc-min-heapsize=131072
Compiler executable checksum: 7c84bce465d78ee297fa565c5644acba
COLLECT_GCC_OPTIONS='-fstack-protector-strong' '-fPIE' '-Os' '-g0' '-v' '-pie' '-D' '_LARGEFILE_SOURCE' '-D' '_LARGEFILE64_SOURCE' '-D' '_FILE_OFFSET_BITS=64' '-D' '_FORTIFY_SOURCE=1' '-D' 'NDEBUG' '-c' '-o' 'CMakeFiles/cmTC_a96ad.dir/CMakeCXXCompilerABI.cpp.o' '-shared-libgcc' '-mcpu=cortex-a76.cortex-a55' '-mlittle-endian' '-mabi=lp64' '-dumpdir' 'CMakeFiles/cmTC_a96ad.dir/'
 /opt/rk3588_sdk/buildroot/output/pkrv_ako_secure/host/lib/gcc/aarch64-buildroot-linux-gnu/11.3.0/../../../../aarch64-buildroot-linux-gnu/bin/as -v -EL -march=armv8.2-a+fp16+rcpc+dotprod -mabi=lp64 -o CMakeFiles/cmTC_a96ad.dir/CMakeCXXCompilerABI.cpp.o /tmp/cc0ikNO7.s
GNU assembler version 2.37 (aarch64-buildroot-linux-gnu) using BFD version (GNU Binutils) 2.37
COMPILER_PATH=/opt/rk3588_sdk/buildroot/output/pkrv_ako_secure/host/libexec/gcc/aarch64-buildroot-linux-gnu/11.3.0/:/opt/rk3588_sdk/buildroot/output/pkrv_ako_secure/host/libexec/gcc/aarch64-buildroot-linux-gnu/11.3.0/:/opt/rk3588_sdk/buildroot/output/pkrv_ako_secure/host/libexec/gcc/aarch64-buildroot-linux-gnu/:/opt/rk3588_sdk/buildroot/output/pkrv_ako_secure/host/lib/gcc/aarch64-buildroot-linux-gnu/11.3.0/:/opt/rk3588_sdk/buildroot/output/pkrv_ako_secure/host/lib/gcc/aarch64-buildroot-linux-gnu/:/opt/rk3588_sdk/buildroot/output/pkrv_ako_secure/host/lib/gcc/aarch64-buildroot-linux-gnu/11.3.0/../../../../aarch64-buildroot-linux-gnu/bin/
LIBRARY_PATH=/opt/rk3588_sdk/buildroot/output/pkrv_ako_secure/host/lib/gcc/aarch64-buildroot-linux-gnu/11.3.0/:/opt/rk3588_sdk/buildroot/output/pkrv_ako_secure/host/lib/gcc/aarch64-buildroot-linux-gnu/11.3.0/../../../../aarch64-buildroot-linux-gnu/lib/../lib64/:/opt/rk3588_sdk/buildroot/output/latest/host/aarch64-buildroot-linux-gnu/sysroot/lib/../lib64/:/opt/rk3588_sdk/buildroot/output/latest/host/aarch64-buildroot-linux-gnu/sysroot/usr/lib/../lib64/:/opt/rk3588_sdk/buildroot/output/pkrv_ako_secure/host/lib/gcc/aarch64-buildroot-linux-gnu/11.3.0/../../../../aarch64-buildroot-linux-gnu/lib/:/opt/rk3588_sdk/buildroot/output/latest/host/aarch64-buildroot-linux-gnu/sysroot/lib/:/opt/rk3588_sdk/buildroot/output/latest/host/aarch64-buildroot-linux-gnu/sysroot/usr/lib/
COLLECT_GCC_OPTIONS='-fstack-protector-strong' '-fPIE' '-Os' '-g0' '-v' '-pie' '-D' '_LARGEFILE_SOURCE' '-D' '_LARGEFILE64_SOURCE' '-D' '_FILE_OFFSET_BITS=64' '-D' '_FORTIFY_SOURCE=1' '-D' 'NDEBUG' '-c' '-o' 'CMakeFiles/cmTC_a96ad.dir/CMakeCXXCompilerABI.cpp.o' '-shared-libgcc' '-mcpu=cortex-a76.cortex-a55' '-mlittle-endian' '-mabi=lp64' '-dumpdir' 'CMakeFiles/cmTC_a96ad.dir/CMakeCXXCompilerABI.cpp.'
Linking CXX executable cmTC_538f9
/opt/rk3588_sdk/buildroot/output/pkrv_ako_secure/host/bin/cmake -E cmake_link_script CMakeFiles/cmTC_538f9.dir/link.txt --verbose=1
/opt/rk3588_sdk/buildroot/output/latest/host/bin/aarch64-buildroot-linux-gnu-g++ --sysroot=/opt/rk3588_sdk/buildroot/output/latest/host/aarch64-buildroot-linux-gnu/sysroot -D_LARGEFILE_SOURCE -D_LARGEFILE64_SOURCE -D_FILE_OFFSET_BITS=64 -Os -g0 -D_FORTIFY_SOURCE=1   -DNDEBUG  -v CMakeFiles/cmTC_538f9.dir/CMakeCXXCompilerABI.cpp.o -o cmTC_538f9 
Using built-in specs.
COLLECT_GCC=/opt/rk3588_sdk/buildroot/output/pkrv_ako_secure/host/bin/aarch64-buildroot-linux-gnu-g++.br_real
COLLECT_LTO_WRAPPER=/opt/rk3588_sdk/buildroot/output/pkrv_ako_secure/host/libexec/gcc/aarch64-buildroot-linux-gnu/11.3.0/lto-wrapper
Target: aarch64-buildroot-linux-gnu
Configured with: ./configure --prefix=/opt/rk3588_sdk/buildroot/output/pkrv_ako_secure/host --sysconfdir=/opt/rk3588_sdk/buildroot/output/pkrv_ako_secure/host/etc --enable-static --target=aarch64-buildroot-linux-gnu --with-sysroot=/opt/rk3588_sdk/buildroot/output/pkrv_ako_secure/host/aarch64-buildroot-linux-gnu/sysroot --enable-__cxa_atexit --with-gnu-ld --disable-libssp --disable-multilib --disable-decimal-float --enable-plugins --enable-lto --with-gmp=/opt/rk3588_sdk/buildroot/output/pkrv_ako_secure/host --with-mpc=/opt/rk3588_sdk/buildroot/output/pkrv_ako_secure/host --with-mpfr=/opt/rk3588_sdk/buildroot/output/pkrv_ako_secure/host --with-pkgversion='Buildroot -ga42fee7b00' --with-bugurl=http://bugs.buildroot.net/ --without-zstd --disable-libquadmath --disable-libquadmath-support --enable-tls --enable-threads --without-isl --without-cloog --with-abi=lp64 --with-cpu=cortex-a76.cortex-a55 --enable-languages=c,c++,fortran --with-build-time-tools=/opt/rk3588_sdk/buildroot/output/pkrv_ako_secure/host/aarch64-buildroot-linux-gnu/bin --enable-shared --enable-libgomp
Thread model: posix
Supported LTO compression algorithms: zlib
gcc version 11.3.0 (Buildroot -ga42fee7b00) 
COMPILER_PATH=/opt/rk3588_sdk/buildroot/output/pkrv_ako_secure/host/libexec/gcc/aarch64-buildroot-linux-gnu/11.3.0/:/opt/rk3588_sdk/buildroot/output/pkrv_ako_secure/host/libexec/gcc/aarch64-buildroot-linux-gnu/11.3.0/:/opt/rk3588_sdk/buildroot/output/pkrv_ako_secure/host/libexec/gcc/aarch64-buildroot-linux-gnu/:/opt/rk3588_sdk/buildroot/output/pkrv_ako_secure/host/lib/gcc/aarch64-buildroot-linux-gnu/11.3.0/:/opt/rk3588_sdk/buildroot/output/pkrv_ako_secure/host/lib/gcc/aarch64-buildroot-linux-gnu/:/opt/rk3588_sdk/buildroot/output/pkrv_ako_secure/host/lib/gcc/aarch64-buildroot-linux-gnu/11.3.0/../../../../aarch64-buildroot-linux-gnu/bin/
LIBRARY_PATH=/opt/rk3588_sdk/buildroot/output/pkrv_ako_secure/host/lib/gcc/aarch64-buildroot-linux-gnu/11.3.0/:/opt/rk3588_sdk/buildroot/output/pkrv_ako_secure/host/lib/gcc/aarch64-buildroot-linux-gnu/11.3.0/../../../../aarch64-buildroot-linux-gnu/lib/../lib64/:/opt/rk3588_sdk/buildroot/output/latest/host/aarch64-buildroot-linux-gnu/sysroot/lib/../lib64/:/opt/rk3588_sdk/buildroot/output/latest/host/aarch64-buildroot-linux-gnu/sysroot/usr/lib/../lib64/:/opt/rk3588_sdk/buildroot/output/pkrv_ako_secure/host/lib/gcc/aarch64-buildroot-linux-gnu/11.3.0/../../../../aarch64-buildroot-linux-gnu/lib/:/opt/rk3588_sdk/buildroot/output/latest/host/aarch64-buildroot-linux-gnu/sysroot/lib/:/opt/rk3588_sdk/buildroot/output/latest/host/aarch64-buildroot-linux-gnu/sysroot/usr/lib/
COLLECT_GCC_OPTIONS='-fstack-protector-strong' '-fPIE' '-pie' '-D' '_LARGEFILE_SOURCE' '-D' '_LARGEFILE64_SOURCE' '-D' '_FILE_OFFSET_BITS=64' '-Os' '-g0' '-D' '_FORTIFY_SOURCE=1' '-D' 'NDEBUG' '-v' '-o' 'cmTC_538f9' '-shared-libgcc' '-mcpu=cortex-a76.cortex-a55' '-mlittle-endian' '-mabi=lp64' '-dumpdir' 'cmTC_538f9.'
 /opt/rk3588_sdk/buildroot/output/pkrv_ako_secure/host/libexec/gcc/aarch64-buildroot-linux-gnu/11.3.0/collect2 -plugin /opt/rk3588_sdk/buildroot/output/pkrv_ako_secure/host/libexec/gcc/aarch64-buildroot-linux-gnu/11.3.0/liblto_plugin.so -plugin-opt=/opt/rk3588_sdk/buildroot/output/pkrv_ako_secure/host/libexec/gcc/aarch64-buildroot-linux-gnu/11.3.0/lto-wrapper -plugin-opt=-fresolution=/tmp/cc3TVPW0.res -plugin-opt=-pass-through=-lgcc_s -plugin-opt=-pass-through=-lgcc -plugin-opt=-pass-through=-lc -plugin-opt=-pass-through=-lgcc_s -plugin-opt=-pass-through=-lgcc --sysroot=/opt/rk3588_sdk/buildroot/output/latest/host/aarch64-buildroot-linux-gnu/sysroot --eh-frame-hdr -dynamic-linker /lib/ld-linux-aarch64.so.1 -X -EL -maarch64linux -pie -o cmTC_538f9 /opt/rk3588_sdk/buildroot/output/latest/host/aarch64-buildroot-linux-gnu/sysroot/lib/../lib64/Scrt1.o /opt/rk3588_sdk/buildroot/output/latest/host/aarch64-buildroot-linux-gnu/sysroot/lib/../lib64/crti.o /opt/rk3588_sdk/buildroot/output/pkrv_ako_secure/host/lib/gcc/aarch64-buildroot-linux-gnu/11.3.0/crtbeginS.o -L/opt/rk3588_sdk/buildroot/output/pkrv_ako_secure/host/lib/gcc/aarch64-buildroot-linux-gnu/11.3.0 -L/opt/rk3588_sdk/buildroot/output/pkrv_ako_secure/host/lib/gcc/aarch64-buildroot-linux-gnu/11.3.0/../../../../aarch64-buildroot-linux-gnu/lib/../lib64 -L/opt/rk3588_sdk/buildroot/output/latest/host/aarch64-buildroot-linux-gnu/sysroot/lib/../lib64 -L/opt/rk3588_sdk/buildroot/output/latest/host/aarch64-buildroot-linux-gnu/sysroot/usr/lib/../lib64 -L/opt/rk3588_sdk/buildroot/output/pkrv_ako_secure/host/lib/gcc/aarch64-buildroot-linux-gnu/11.3.0/../../../../aarch64-buildroot-linux-gnu/lib -L/opt/rk3588_sdk/buildroot/output/latest/host/aarch64-buildroot-linux-gnu/sysroot/lib -L/opt/rk3588_sdk/buildroot/output/latest/host/aarch64-buildroot-linux-gnu/sysroot/usr/lib -z now -z relro CMakeFiles/cmTC_538f9.dir/CMakeCXXCompilerABI.cpp.o -lstdc++ -lm -lgcc_s -lgcc -lc -lgcc_s -lgcc /opt/rk3588_sdk/buildroot/output/pkrv_ako_secure/host/lib/gcc/aarch64-buildroot-linux-gnu/11.3.0/crtendS.o /opt/rk3588_sdk/buildroot/output/latest/host/aarch64-buildroot-linux-gnu/sysroot/lib/../lib64/crtn.o
COLLECT_GCC_OPTIONS='-fstack-protector-strong' '-fPIE' '-pie' '-D' '_LARGEFILE_SOURCE' '-D' '_LARGEFILE64_SOURCE' '-D' '_FILE_OFFSET_BITS=64' '-Os' '-g0' '-D' '_FORTIFY_SOURCE=1' '-D' 'NDEBUG' '-v' '-o' 'cmTC_538f9' '-shared-libgcc' '-mcpu=cortex-a76.cortex-a55' '-mlittle-endian' '-mabi=lp64' '-dumpdir' 'cmTC_538f9.'
gmake[2]: Leaving directory '/home/achernatkin/lightning_gpu/lightning_gpu/Release/CMakeFiles/CMakeTmp'
gmake[1]: Leaving directory '/home/achernatkin/lightning_gpu/lightning_gpu/Release/CMakeFiles/CMakeTmp'



Parsed CXX implicit include dir info from above output: rv=done
  found start of include info
  found start of implicit include info
    add: [/opt/rk3588_sdk/buildroot/output/pkrv_ako_secure/host/lib/gcc/aarch64-buildroot-linux-gnu/11.3.0/../../../../aarch64-buildroot-linux-gnu/include/c++/11.3.0]
    add: [/opt/rk3588_sdk/buildroot/output/pkrv_ako_secure/host/lib/gcc/aarch64-buildroot-linux-gnu/11.3.0/../../../../aarch64-buildroot-linux-gnu/include/c++/11.3.0/aarch64-buildroot-linux-gnu]
    add: [/opt/rk3588_sdk/buildroot/output/pkrv_ako_secure/host/lib/gcc/aarch64-buildroot-linux-gnu/11.3.0/../../../../aarch64-buildroot-linux-gnu/include/c++/11.3.0/backward]
    add: [/opt/rk3588_sdk/buildroot/output/pkrv_ako_secure/host/lib/gcc/aarch64-buildroot-linux-gnu/11.3.0/include]
    add: [/opt/rk3588_sdk/buildroot/output/pkrv_ako_secure/host/lib/gcc/aarch64-buildroot-linux-gnu/11.3.0/include-fixed]
    add: [/opt/rk3588_sdk/buildroot/output/pkrv_ako_secure/host/lib/gcc/aarch64-buildroot-linux-gnu/11.3.0/../../../../aarch64-buildroot-linux-gnu/include]
    add: [/opt/rk3588_sdk/buildroot/output/latest/host/aarch64-buildroot-linux-gnu/sysroot/usr/include]
  end of search list found
  collapse include dir [/opt/rk3588_sdk/buildroot/output/pkrv_ako_secure/host/lib/gcc/aarch64-buildroot-linux-gnu/11.3.0/../../../../aarch64-buildroot-linux-gnu/include/c++/11.3.0] ==> [/opt/rk3588_sdk/buildroot/output/pkrv_ako_secure/host/aarch64-buildroot-linux-gnu/include/c++/11.3.0]
  collapse include dir [/opt/rk3588_sdk/buildroot/output/pkrv_ako_secure/host/lib/gcc/aarch64-buildroot-linux-gnu/11.3.0/../../../../aarch64-buildroot-linux-gnu/include/c++/11.3.0/aarch64-buildroot-linux-gnu] ==> [/opt/rk3588_sdk/buildroot/output/pkrv_ako_secure/host/aarch64-buildroot-linux-gnu/include/c++/11.3.0/aarch64-buildroot-linux-gnu]
  collapse include dir [/opt/rk3588_sdk/buildroot/output/pkrv_ako_secure/host/lib/gcc/aarch64-buildroot-linux-gnu/11.3.0/../../../../aarch64-buildroot-linux-gnu/include/c++/11.3.0/backward] ==> [/opt/rk3588_sdk/buildroot/output/pkrv_ako_secure/host/aarch64-buildroot-linux-gnu/include/c++/11.3.0/backward]
  collapse include dir [/opt/rk3588_sdk/buildroot/output/pkrv_ako_secure/host/lib/gcc/aarch64-buildroot-linux-gnu/11.3.0/include] ==> [/opt/rk3588_sdk/buildroot/output/pkrv_ako_secure/host/lib/gcc/aarch64-buildroot-linux-gnu/11.3.0/include]
  collapse include dir [/opt/rk3588_sdk/buildroot/output/pkrv_ako_secure/host/lib/gcc/aarch64-buildroot-linux-gnu/11.3.0/include-fixed] ==> [/opt/rk3588_sdk/buildroot/output/pkrv_ako_secure/host/lib/gcc/aarch64-buildroot-linux-gnu/11.3.0/include-fixed]
  collapse include dir [/opt/rk3588_sdk/buildroot/output/pkrv_ako_secure/host/lib/gcc/aarch64-buildroot-linux-gnu/11.3.0/../../../../aarch64-buildroot-linux-gnu/include] ==> [/opt/rk3588_sdk/buildroot/output/pkrv_ako_secure/host/aarch64-buildroot-linux-gnu/include]
  collapse include dir [/opt/rk3588_sdk/buildroot/output/latest/host/aarch64-buildroot-linux-gnu/sysroot/usr/include] ==> [/opt/rk3588_sdk/buildroot/output/latest/host/aarch64-buildroot-linux-gnu/sysroot/usr/include]
  implicit include dirs: [/opt/rk3588_sdk/buildroot/output/pkrv_ako_secure/host/aarch64-buildroot-linux-gnu/include/c++/11.3.0;/opt/rk3588_sdk/buildroot/output/pkrv_ako_secure/host/aarch64-buildroot-linux-gnu/include/c++/11.3.0/aarch64-buildroot-linux-gnu;/opt/rk3588_sdk/buildroot/output/pkrv_ako_secure/host/aarch64-buildroot-linux-gnu/include/c++/11.3.0/backward;/opt/rk3588_sdk/buildroot/output/pkrv_ako_secure/host/lib/gcc/aarch64-buildroot-linux-gnu/11.3.0/include;/opt/rk3588_sdk/buildroot/output/pkrv_ako_secure/host/lib/gcc/aarch64-buildroot-linux-gnu/11.3.0/include-fixed;/opt/rk3588_sdk/buildroot/output/pkrv_ako_secure/host/aarch64-buildroot-linux-gnu/include;/opt/rk3588_sdk/buildroot/output/latest/host/aarch64-buildroot-linux-gnu/sysroot/usr/include]


Parsed CXX implicit link information from above output:
  link line regex: [^( *|.*[/\])(aarch64-buildroot-linux-gnu-ld|CMAKE_LINK_STARTFILE-NOTFOUND|([^/\]+-)?ld|collect2)[^/\]*( |$)]
  ignore line: [Change Dir: /home/achernatkin/lightning_gpu/lightning_gpu/Release/CMakeFiles/CMakeTmp]
  ignore line: []
  ignore line: [Run Build Command(s):/usr/bin/gmake -f Makefile cmTC_538f9/fast && gmake[1]: Entering directory '/home/achernatkin/lightning_gpu/lightning_gpu/Release/CMakeFiles/CMakeTmp']
  ignore line: [/usr/bin/gmake  -f CMakeFiles/cmTC_538f9.dir/build.make CMakeFiles/cmTC_538f9.dir/build]
  ignore line: [gmake[2]: Entering directory '/home/achernatkin/lightning_gpu/lightning_gpu/Release/CMakeFiles/CMakeTmp']
  ignore line: [Building CXX object CMakeFiles/cmTC_538f9.dir/CMakeCXXCompilerABI.cpp.o]
  ignore line: [/opt/rk3588_sdk/buildroot/output/latest/host/bin/aarch64-buildroot-linux-gnu-g++ --sysroot=/opt/rk3588_sdk/buildroot/output/latest/host/aarch64-buildroot-linux-gnu/sysroot   -D_LARGEFILE_SOURCE -D_LARGEFILE64_SOURCE -D_FILE_OFFSET_BITS=64 -Os -g0 -D_FORTIFY_SOURCE=1   -DNDEBUG   -v -o CMakeFiles/cmTC_538f9.dir/CMakeCXXCompilerABI.cpp.o -c /opt/rk3588_sdk/buildroot/output/pkrv_ako_secure/host/share/cmake-3.22/Modules/CMakeCXXCompilerABI.cpp]
  ignore line: [Using built-in specs.]
  ignore line: [COLLECT_GCC=/opt/rk3588_sdk/buildroot/output/pkrv_ako_secure/host/bin/aarch64-buildroot-linux-gnu-g++.br_real]
  ignore line: [Target: aarch64-buildroot-linux-gnu]
  ignore line: [Configured with: ./configure --prefix=/opt/rk3588_sdk/buildroot/output/pkrv_ako_secure/host --sysconfdir=/opt/rk3588_sdk/buildroot/output/pkrv_ako_secure/host/etc --enable-static --target=aarch64-buildroot-linux-gnu --with-sysroot=/opt/rk3588_sdk/buildroot/output/pkrv_ako_secure/host/aarch64-buildroot-linux-gnu/sysroot --enable-__cxa_atexit --with-gnu-ld --disable-libssp --disable-multilib --disable-decimal-float --enable-plugins --enable-lto --with-gmp=/opt/rk3588_sdk/buildroot/output/pkrv_ako_secure/host --with-mpc=/opt/rk3588_sdk/buildroot/output/pkrv_ako_secure/host --with-mpfr=/opt/rk3588_sdk/buildroot/output/pkrv_ako_secure/host --with-pkgversion='Buildroot -ga42fee7b00' --with-bugurl=http://bugs.buildroot.net/ --without-zstd --disable-libquadmath --disable-libquadmath-support --enable-tls --enable-threads --without-isl --without-cloog --with-abi=lp64 --with-cpu=cortex-a76.cortex-a55 --enable-languages=c,c++,fortran --with-build-time-tools=/opt/rk3588_sdk/buildroot/output/pkrv_ako_secure/host/aarch64-buildroot-linux-gnu/bin --enable-shared --enable-libgomp]
  ignore line: [Thread model: posix]
  ignore line: [Supported LTO compression algorithms: zlib]
  ignore line: [gcc version 11.3.0 (Buildroot -ga42fee7b00) ]
  ignore line: [COLLECT_GCC_OPTIONS='-fstack-protector-strong' '-fPIE' '-Os' '-g0' '-v' '-pie' '-D' '_LARGEFILE_SOURCE' '-D' '_LARGEFILE64_SOURCE' '-D' '_FILE_OFFSET_BITS=64' '-D' '_FORTIFY_SOURCE=1' '-D' 'NDEBUG' '-c' '-o' 'CMakeFiles/cmTC_a96ad.dir/CMakeCXXCompilerABI.cpp.o' '-shared-libgcc' '-mcpu=cortex-a76.cortex-a55' '-mlittle-endian' '-mabi=lp64' '-dumpdir' 'CMakeFiles/cmTC_a96ad.dir/']
  ignore line: [ /opt/rk3588_sdk/buildroot/output/pkrv_ako_secure/host/libexec/gcc/aarch64-buildroot-linux-gnu/11.3.0/cc1plus -quiet -v -isysroot /opt/rk3588_sdk/buildroot/output/latest/host/aarch64-buildroot-linux-gnu/sysroot -D_GNU_SOURCE -D _LARGEFILE_SOURCE -D _LARGEFILE64_SOURCE -D _FILE_OFFSET_BITS=64 -D _FORTIFY_SOURCE=1 -D NDEBUG ../../../../../../../opt/rk3588_sdk/buildroot/output/pkrv_ako_secure/host/share/cmake-3.22/Modules/CMakeCXXCompilerABI.cpp -quiet -dumpdir CMakeFiles/cmTC_a96ad.dir/ -dumpbase CMakeCXXCompilerABI.cpp.cpp -dumpbase-ext .cpp -mcpu=cortex-a76.cortex-a55 -mlittle-endian -mabi=lp64 -g0 -Os -version -fstack-protector-strong -fPIE -o /tmp/cc0ikNO7.s]
  ignore line: [GNU C++17 (Buildroot -ga42fee7b00) version 11.3.0 (aarch64-buildroot-linux-gnu)]
  ignore line: [	compiled by GNU C version 7.5.0  GMP version 6.2.1  MPFR version 4.1.0  MPC version 1.2.1  isl version none]
  ignore line: [GGC heuristics: --param ggc-min-expand=100 --param ggc-min-heapsize=131072]
  ignore line: [ignoring nonexistent directory "/opt/rk3588_sdk/buildroot/output/latest/host/aarch64-buildroot-linux-gnu/sysroot/usr/local/include"]
  ignore line: [#include "..." search starts here:]
  ignore line: [#include <...> search starts here:]
  ignore line: [ /opt/rk3588_sdk/buildroot/output/pkrv_ako_secure/host/lib/gcc/aarch64-buildroot-linux-gnu/11.3.0/../../../../aarch64-buildroot-linux-gnu/include/c++/11.3.0]
  ignore line: [ /opt/rk3588_sdk/buildroot/output/pkrv_ako_secure/host/lib/gcc/aarch64-buildroot-linux-gnu/11.3.0/../../../../aarch64-buildroot-linux-gnu/include/c++/11.3.0/aarch64-buildroot-linux-gnu]
  ignore line: [ /opt/rk3588_sdk/buildroot/output/pkrv_ako_secure/host/lib/gcc/aarch64-buildroot-linux-gnu/11.3.0/../../../../aarch64-buildroot-linux-gnu/include/c++/11.3.0/backward]
  ignore line: [ /opt/rk3588_sdk/buildroot/output/pkrv_ako_secure/host/lib/gcc/aarch64-buildroot-linux-gnu/11.3.0/include]
  ignore line: [ /opt/rk3588_sdk/buildroot/output/pkrv_ako_secure/host/lib/gcc/aarch64-buildroot-linux-gnu/11.3.0/include-fixed]
  ignore line: [ /opt/rk3588_sdk/buildroot/output/pkrv_ako_secure/host/lib/gcc/aarch64-buildroot-linux-gnu/11.3.0/../../../../aarch64-buildroot-linux-gnu/include]
  ignore line: [ /opt/rk3588_sdk/buildroot/output/latest/host/aarch64-buildroot-linux-gnu/sysroot/usr/include]
  ignore line: [End of search list.]
  ignore line: [GNU C++17 (Buildroot -ga42fee7b00) version 11.3.0 (aarch64-buildroot-linux-gnu)]
  ignore line: [	compiled by GNU C version 7.5.0  GMP version 6.2.1  MPFR version 4.1.0  MPC version 1.2.1  isl version none]
  ignore line: [GGC heuristics: --param ggc-min-expand=100 --param ggc-min-heapsize=131072]
  ignore line: [Compiler executable checksum: 7c84bce465d78ee297fa565c5644acba]
  ignore line: [COLLECT_GCC_OPTIONS='-fstack-protector-strong' '-fPIE' '-Os' '-g0' '-v' '-pie' '-D' '_LARGEFILE_SOURCE' '-D' '_LARGEFILE64_SOURCE' '-D' '_FILE_OFFSET_BITS=64' '-D' '_FORTIFY_SOURCE=1' '-D' 'NDEBUG' '-c' '-o' 'CMakeFiles/cmTC_a96ad.dir/CMakeCXXCompilerABI.cpp.o' '-shared-libgcc' '-mcpu=cortex-a76.cortex-a55' '-mlittle-endian' '-mabi=lp64' '-dumpdir' 'CMakeFiles/cmTC_a96ad.dir/']
  ignore line: [ /opt/rk3588_sdk/buildroot/output/pkrv_ako_secure/host/lib/gcc/aarch64-buildroot-linux-gnu/11.3.0/../../../../aarch64-buildroot-linux-gnu/bin/as -v -EL -march=armv8.2-a+fp16+rcpc+dotprod -mabi=lp64 -o CMakeFiles/cmTC_a96ad.dir/CMakeCXXCompilerABI.cpp.o /tmp/cc0ikNO7.s]
  ignore line: [GNU assembler version 2.37 (aarch64-buildroot-linux-gnu) using BFD version (GNU Binutils) 2.37]
  ignore line: [COMPILER_PATH=/opt/rk3588_sdk/buildroot/output/pkrv_ako_secure/host/libexec/gcc/aarch64-buildroot-linux-gnu/11.3.0/:/opt/rk3588_sdk/buildroot/output/pkrv_ako_secure/host/libexec/gcc/aarch64-buildroot-linux-gnu/11.3.0/:/opt/rk3588_sdk/buildroot/output/pkrv_ako_secure/host/libexec/gcc/aarch64-buildroot-linux-gnu/:/opt/rk3588_sdk/buildroot/output/pkrv_ako_secure/host/lib/gcc/aarch64-buildroot-linux-gnu/11.3.0/:/opt/rk3588_sdk/buildroot/output/pkrv_ako_secure/host/lib/gcc/aarch64-buildroot-linux-gnu/:/opt/rk3588_sdk/buildroot/output/pkrv_ako_secure/host/lib/gcc/aarch64-buildroot-linux-gnu/11.3.0/../../../../aarch64-buildroot-linux-gnu/bin/]
  ignore line: [LIBRARY_PATH=/opt/rk3588_sdk/buildroot/output/pkrv_ako_secure/host/lib/gcc/aarch64-buildroot-linux-gnu/11.3.0/:/opt/rk3588_sdk/buildroot/output/pkrv_ako_secure/host/lib/gcc/aarch64-buildroot-linux-gnu/11.3.0/../../../../aarch64-buildroot-linux-gnu/lib/../lib64/:/opt/rk3588_sdk/buildroot/output/latest/host/aarch64-buildroot-linux-gnu/sysroot/lib/../lib64/:/opt/rk3588_sdk/buildroot/output/latest/host/aarch64-buildroot-linux-gnu/sysroot/usr/lib/../lib64/:/opt/rk3588_sdk/buildroot/output/pkrv_ako_secure/host/lib/gcc/aarch64-buildroot-linux-gnu/11.3.0/../../../../aarch64-buildroot-linux-gnu/lib/:/opt/rk3588_sdk/buildroot/output/latest/host/aarch64-buildroot-linux-gnu/sysroot/lib/:/opt/rk3588_sdk/buildroot/output/latest/host/aarch64-buildroot-linux-gnu/sysroot/usr/lib/]
  ignore line: [COLLECT_GCC_OPTIONS='-fstack-protector-strong' '-fPIE' '-Os' '-g0' '-v' '-pie' '-D' '_LARGEFILE_SOURCE' '-D' '_LARGEFILE64_SOURCE' '-D' '_FILE_OFFSET_BITS=64' '-D' '_FORTIFY_SOURCE=1' '-D' 'NDEBUG' '-c' '-o' 'CMakeFiles/cmTC_a96ad.dir/CMakeCXXCompilerABI.cpp.o' '-shared-libgcc' '-mcpu=cortex-a76.cortex-a55' '-mlittle-endian' '-mabi=lp64' '-dumpdir' 'CMakeFiles/cmTC_a96ad.dir/CMakeCXXCompilerABI.cpp.']
  ignore line: [Linking CXX executable cmTC_538f9]
  ignore line: [/opt/rk3588_sdk/buildroot/output/pkrv_ako_secure/host/bin/cmake -E cmake_link_script CMakeFiles/cmTC_538f9.dir/link.txt --verbose=1]
  ignore line: [/opt/rk3588_sdk/buildroot/output/latest/host/bin/aarch64-buildroot-linux-gnu-g++ --sysroot=/opt/rk3588_sdk/buildroot/output/latest/host/aarch64-buildroot-linux-gnu/sysroot -D_LARGEFILE_SOURCE -D_LARGEFILE64_SOURCE -D_FILE_OFFSET_BITS=64 -Os -g0 -D_FORTIFY_SOURCE=1   -DNDEBUG  -v CMakeFiles/cmTC_538f9.dir/CMakeCXXCompilerABI.cpp.o -o cmTC_538f9 ]
  ignore line: [Using built-in specs.]
  ignore line: [COLLECT_GCC=/opt/rk3588_sdk/buildroot/output/pkrv_ako_secure/host/bin/aarch64-buildroot-linux-gnu-g++.br_real]
  ignore line: [COLLECT_LTO_WRAPPER=/opt/rk3588_sdk/buildroot/output/pkrv_ako_secure/host/libexec/gcc/aarch64-buildroot-linux-gnu/11.3.0/lto-wrapper]
  ignore line: [Target: aarch64-buildroot-linux-gnu]
  ignore line: [Configured with: ./configure --prefix=/opt/rk3588_sdk/buildroot/output/pkrv_ako_secure/host --sysconfdir=/opt/rk3588_sdk/buildroot/output/pkrv_ako_secure/host/etc --enable-static --target=aarch64-buildroot-linux-gnu --with-sysroot=/opt/rk3588_sdk/buildroot/output/pkrv_ako_secure/host/aarch64-buildroot-linux-gnu/sysroot --enable-__cxa_atexit --with-gnu-ld --disable-libssp --disable-multilib --disable-decimal-float --enable-plugins --enable-lto --with-gmp=/opt/rk3588_sdk/buildroot/output/pkrv_ako_secure/host --with-mpc=/opt/rk3588_sdk/buildroot/output/pkrv_ako_secure/host --with-mpfr=/opt/rk3588_sdk/buildroot/output/pkrv_ako_secure/host --with-pkgversion='Buildroot -ga42fee7b00' --with-bugurl=http://bugs.buildroot.net/ --without-zstd --disable-libquadmath --disable-libquadmath-support --enable-tls --enable-threads --without-isl --without-cloog --with-abi=lp64 --with-cpu=cortex-a76.cortex-a55 --enable-languages=c,c++,fortran --with-build-time-tools=/opt/rk3588_sdk/buildroot/output/pkrv_ako_secure/host/aarch64-buildroot-linux-gnu/bin --enable-shared --enable-libgomp]
  ignore line: [Thread model: posix]
  ignore line: [Supported LTO compression algorithms: zlib]
  ignore line: [gcc version 11.3.0 (Buildroot -ga42fee7b00) ]
  ignore line: [COMPILER_PATH=/opt/rk3588_sdk/buildroot/output/pkrv_ako_secure/host/libexec/gcc/aarch64-buildroot-linux-gnu/11.3.0/:/opt/rk3588_sdk/buildroot/output/pkrv_ako_secure/host/libexec/gcc/aarch64-buildroot-linux-gnu/11.3.0/:/opt/rk3588_sdk/buildroot/output/pkrv_ako_secure/host/libexec/gcc/aarch64-buildroot-linux-gnu/:/opt/rk3588_sdk/buildroot/output/pkrv_ako_secure/host/lib/gcc/aarch64-buildroot-linux-gnu/11.3.0/:/opt/rk3588_sdk/buildroot/output/pkrv_ako_secure/host/lib/gcc/aarch64-buildroot-linux-gnu/:/opt/rk3588_sdk/buildroot/output/pkrv_ako_secure/host/lib/gcc/aarch64-buildroot-linux-gnu/11.3.0/../../../../aarch64-buildroot-linux-gnu/bin/]
  ignore line: [LIBRARY_PATH=/opt/rk3588_sdk/buildroot/output/pkrv_ako_secure/host/lib/gcc/aarch64-buildroot-linux-gnu/11.3.0/:/opt/rk3588_sdk/buildroot/output/pkrv_ako_secure/host/lib/gcc/aarch64-buildroot-linux-gnu/11.3.0/../../../../aarch64-buildroot-linux-gnu/lib/../lib64/:/opt/rk3588_sdk/buildroot/output/latest/host/aarch64-buildroot-linux-gnu/sysroot/lib/../lib64/:/opt/rk3588_sdk/buildroot/output/latest/host/aarch64-buildroot-linux-gnu/sysroot/usr/lib/../lib64/:/opt/rk3588_sdk/buildroot/output/pkrv_ako_secure/host/lib/gcc/aarch64-buildroot-linux-gnu/11.3.0/../../../../aarch64-buildroot-linux-gnu/lib/:/opt/rk3588_sdk/buildroot/output/latest/host/aarch64-buildroot-linux-gnu/sysroot/lib/:/opt/rk3588_sdk/buildroot/output/latest/host/aarch64-buildroot-linux-gnu/sysroot/usr/lib/]
  ignore line: [COLLECT_GCC_OPTIONS='-fstack-protector-strong' '-fPIE' '-pie' '-D' '_LARGEFILE_SOURCE' '-D' '_LARGEFILE64_SOURCE' '-D' '_FILE_OFFSET_BITS=64' '-Os' '-g0' '-D' '_FORTIFY_SOURCE=1' '-D' 'NDEBUG' '-v' '-o' 'cmTC_538f9' '-shared-libgcc' '-mcpu=cortex-a76.cortex-a55' '-mlittle-endian' '-mabi=lp64' '-dumpdir' 'cmTC_538f9.']
  link line: [ /opt/rk3588_sdk/buildroot/output/pkrv_ako_secure/host/libexec/gcc/aarch64-buildroot-linux-gnu/11.3.0/collect2 -plugin /opt/rk3588_sdk/buildroot/output/pkrv_ako_secure/host/libexec/gcc/aarch64-buildroot-linux-gnu/11.3.0/liblto_plugin.so -plugin-opt=/opt/rk3588_sdk/buildroot/output/pkrv_ako_secure/host/libexec/gcc/aarch64-buildroot-linux-gnu/11.3.0/lto-wrapper -plugin-opt=-fresolution=/tmp/cc3TVPW0.res -plugin-opt=-pass-through=-lgcc_s -plugin-opt=-pass-through=-lgcc -plugin-opt=-pass-through=-lc -plugin-opt=-pass-through=-lgcc_s -plugin-opt=-pass-through=-lgcc --sysroot=/opt/rk3588_sdk/buildroot/output/latest/host/aarch64-buildroot-linux-gnu/sysroot --eh-frame-hdr -dynamic-linker /lib/ld-linux-aarch64.so.1 -X -EL -maarch64linux -pie -o cmTC_538f9 /opt/rk3588_sdk/buildroot/output/latest/host/aarch64-buildroot-linux-gnu/sysroot/lib/../lib64/Scrt1.o /opt/rk3588_sdk/buildroot/output/latest/host/aarch64-buildroot-linux-gnu/sysroot/lib/../lib64/crti.o /opt/rk3588_sdk/buildroot/output/pkrv_ako_secure/host/lib/gcc/aarch64-buildroot-linux-gnu/11.3.0/crtbeginS.o -L/opt/rk3588_sdk/buildroot/output/pkrv_ako_secure/host/lib/gcc/aarch64-buildroot-linux-gnu/11.3.0 -L/opt/rk3588_sdk/buildroot/output/pkrv_ako_secure/host/lib/gcc/aarch64-buildroot-linux-gnu/11.3.0/../../../../aarch64-buildroot-linux-gnu/lib/../lib64 -L/opt/rk3588_sdk/buildroot/output/latest/host/aarch64-buildroot-linux-gnu/sysroot/lib/../lib64 -L/opt/rk3588_sdk/buildroot/output/latest/host/aarch64-buildroot-linux-gnu/sysroot/usr/lib/../lib64 -L/opt/rk3588_sdk/buildroot/output/pkrv_ako_secure/host/lib/gcc/aarch64-buildroot-linux-gnu/11.3.0/../../../../aarch64-buildroot-linux-gnu/lib -L/opt/rk3588_sdk/buildroot/output/latest/host/aarch64-buildroot-linux-gnu/sysroot/lib -L/opt/rk3588_sdk/buildroot/output/latest/host/aarch64-buildroot-linux-gnu/sysroot/usr/lib -z now -z relro CMakeFiles/cmTC_538f9.dir/CMakeCXXCompilerABI.cpp.o -lstdc++ -lm -lgcc_s -lgcc -lc -lgcc_s -lgcc /opt/rk3588_sdk/buildroot/output/pkrv_ako_secure/host/lib/gcc/aarch64-buildroot-linux-gnu/11.3.0/crtendS.o /opt/rk3588_sdk/buildroot/output/latest/host/aarch64-buildroot-linux-gnu/sysroot/lib/../lib64/crtn.o]
    arg [/opt/rk3588_sdk/buildroot/output/pkrv_ako_secure/host/libexec/gcc/aarch64-buildroot-linux-gnu/11.3.0/collect2] ==> ignore
    arg [-plugin] ==> ignore
    arg [/opt/rk3588_sdk/buildroot/output/pkrv_ako_secure/host/libexec/gcc/aarch64-buildroot-linux-gnu/11.3.0/liblto_plugin.so] ==> ignore
    arg [-plugin-opt=/opt/rk3588_sdk/buildroot/output/pkrv_ako_secure/host/libexec/gcc/aarch64-buildroot-linux-gnu/11.3.0/lto-wrapper] ==> ignore
    arg [-plugin-opt=-fresolution=/tmp/cc3TVPW0.res] ==> ignore
    arg [-plugin-opt=-pass-through=-lgcc_s] ==> ignore
    arg [-plugin-opt=-pass-through=-lgcc] ==> ignore
    arg [-plugin-opt=-pass-through=-lc] ==> ignore
    arg [-plugin-opt=-pass-through=-lgcc_s] ==> ignore
    arg [-plugin-opt=-pass-through=-lgcc] ==> ignore
    arg [--sysroot=/opt/rk3588_sdk/buildroot/output/latest/host/aarch64-buildroot-linux-gnu/sysroot] ==> ignore
    arg [--eh-frame-hdr] ==> ignore
    arg [-dynamic-linker] ==> ignore
    arg [/lib/ld-linux-aarch64.so.1] ==> ignore
    arg [-X] ==> ignore
    arg [-EL] ==> ignore
    arg [-maarch64linux] ==> ignore
    arg [-pie] ==> ignore
    arg [-o] ==> ignore
    arg [cmTC_538f9] ==> ignore
    arg [/opt/rk3588_sdk/buildroot/output/latest/host/aarch64-buildroot-linux-gnu/sysroot/lib/../lib64/Scrt1.o] ==> obj [/opt/rk3588_sdk/buildroot/output/latest/host/aarch64-buildroot-linux-gnu/sysroot/lib/../lib64/Scrt1.o]
    arg [/opt/rk3588_sdk/buildroot/output/latest/host/aarch64-buildroot-linux-gnu/sysroot/lib/../lib64/crti.o] ==> obj [/opt/rk3588_sdk/buildroot/output/latest/host/aarch64-buildroot-linux-gnu/sysroot/lib/../lib64/crti.o]
    arg [/opt/rk3588_sdk/buildroot/output/pkrv_ako_secure/host/lib/gcc/aarch64-buildroot-linux-gnu/11.3.0/crtbeginS.o] ==> obj [/opt/rk3588_sdk/buildroot/output/pkrv_ako_secure/host/lib/gcc/aarch64-buildroot-linux-gnu/11.3.0/crtbeginS.o]
    arg [-L/opt/rk3588_sdk/buildroot/output/pkrv_ako_secure/host/lib/gcc/aarch64-buildroot-linux-gnu/11.3.0] ==> dir [/opt/rk3588_sdk/buildroot/output/pkrv_ako_secure/host/lib/gcc/aarch64-buildroot-linux-gnu/11.3.0]
    arg [-L/opt/rk3588_sdk/buildroot/output/pkrv_ako_secure/host/lib/gcc/aarch64-buildroot-linux-gnu/11.3.0/../../../../aarch64-buildroot-linux-gnu/lib/../lib64] ==> dir [/opt/rk3588_sdk/buildroot/output/pkrv_ako_secure/host/lib/gcc/aarch64-buildroot-linux-gnu/11.3.0/../../../../aarch64-buildroot-linux-gnu/lib/../lib64]
    arg [-L/opt/rk3588_sdk/buildroot/output/latest/host/aarch64-buildroot-linux-gnu/sysroot/lib/../lib64] ==> dir [/opt/rk3588_sdk/buildroot/output/latest/host/aarch64-buildroot-linux-gnu/sysroot/lib/../lib64]
    arg [-L/opt/rk3588_sdk/buildroot/output/latest/host/aarch64-buildroot-linux-gnu/sysroot/usr/lib/../lib64] ==> dir [/opt/rk3588_sdk/buildroot/output/latest/host/aarch64-buildroot-linux-gnu/sysroot/usr/lib/../lib64]
    arg [-L/opt/rk3588_sdk/buildroot/output/pkrv_ako_secure/host/lib/gcc/aarch64-buildroot-linux-gnu/11.3.0/../../../../aarch64-buildroot-linux-gnu/lib] ==> dir [/opt/rk3588_sdk/buildroot/output/pkrv_ako_secure/host/lib/gcc/aarch64-buildroot-linux-gnu/11.3.0/../../../../aarch64-buildroot-linux-gnu/lib]
    arg [-L/opt/rk3588_sdk/buildroot/output/latest/host/aarch64-buildroot-linux-gnu/sysroot/lib] ==> dir [/opt/rk3588_sdk/buildroot/output/latest/host/aarch64-buildroot-linux-gnu/sysroot/lib]
    arg [-L/opt/rk3588_sdk/buildroot/output/latest/host/aarch64-buildroot-linux-gnu/sysroot/usr/lib] ==> dir [/opt/rk3588_sdk/buildroot/output/latest/host/aarch64-buildroot-linux-gnu/sysroot/usr/lib]
    arg [-znow] ==> ignore
    arg [-zrelro] ==> ignore
    arg [CMakeFiles/cmTC_538f9.dir/CMakeCXXCompilerABI.cpp.o] ==> ignore
    arg [-lstdc++] ==> lib [stdc++]
    arg [-lm] ==> lib [m]
    arg [-lgcc_s] ==> lib [gcc_s]
    arg [-lgcc] ==> lib [gcc]
    arg [-lc] ==> lib [c]
    arg [-lgcc_s] ==> lib [gcc_s]
    arg [-lgcc] ==> lib [gcc]
    arg [/opt/rk3588_sdk/buildroot/output/pkrv_ako_secure/host/lib/gcc/aarch64-buildroot-linux-gnu/11.3.0/crtendS.o] ==> obj [/opt/rk3588_sdk/buildroot/output/pkrv_ako_secure/host/lib/gcc/aarch64-buildroot-linux-gnu/11.3.0/crtendS.o]
    arg [/opt/rk3588_sdk/buildroot/output/latest/host/aarch64-buildroot-linux-gnu/sysroot/lib/../lib64/crtn.o] ==> obj [/opt/rk3588_sdk/buildroot/output/latest/host/aarch64-buildroot-linux-gnu/sysroot/lib/../lib64/crtn.o]
  collapse obj [/opt/rk3588_sdk/buildroot/output/latest/host/aarch64-buildroot-linux-gnu/sysroot/lib/../lib64/Scrt1.o] ==> [/opt/rk3588_sdk/buildroot/output/latest/host/aarch64-buildroot-linux-gnu/sysroot/lib64/Scrt1.o]
  collapse obj [/opt/rk3588_sdk/buildroot/output/latest/host/aarch64-buildroot-linux-gnu/sysroot/lib/../lib64/crti.o] ==> [/opt/rk3588_sdk/buildroot/output/latest/host/aarch64-buildroot-linux-gnu/sysroot/lib64/crti.o]
  collapse obj [/opt/rk3588_sdk/buildroot/output/latest/host/aarch64-buildroot-linux-gnu/sysroot/lib/../lib64/crtn.o] ==> [/opt/rk3588_sdk/buildroot/output/latest/host/aarch64-buildroot-linux-gnu/sysroot/lib64/crtn.o]
  collapse library dir [/opt/rk3588_sdk/buildroot/output/pkrv_ako_secure/host/lib/gcc/aarch64-buildroot-linux-gnu/11.3.0] ==> [/opt/rk3588_sdk/buildroot/output/pkrv_ako_secure/host/lib/gcc/aarch64-buildroot-linux-gnu/11.3.0]
  collapse library dir [/opt/rk3588_sdk/buildroot/output/pkrv_ako_secure/host/lib/gcc/aarch64-buildroot-linux-gnu/11.3.0/../../../../aarch64-buildroot-linux-gnu/lib/../lib64] ==> [/opt/rk3588_sdk/buildroot/output/pkrv_ako_secure/host/aarch64-buildroot-linux-gnu/lib64]
  collapse library dir [/opt/rk3588_sdk/buildroot/output/latest/host/aarch64-buildroot-linux-gnu/sysroot/lib/../lib64] ==> [/opt/rk3588_sdk/buildroot/output/latest/host/aarch64-buildroot-linux-gnu/sysroot/lib64]
  collapse library dir [/opt/rk3588_sdk/buildroot/output/latest/host/aarch64-buildroot-linux-gnu/sysroot/usr/lib/../lib64] ==> [/opt/rk3588_sdk/buildroot/output/latest/host/aarch64-buildroot-linux-gnu/sysroot/usr/lib64]
  collapse library dir [/opt/rk3588_sdk/buildroot/output/pkrv_ako_secure/host/lib/gcc/aarch64-buildroot-linux-gnu/11.3.0/../../../../aarch64-buildroot-linux-gnu/lib] ==> [/opt/rk3588_sdk/buildroot/output/pkrv_ako_secure/host/aarch64-buildroot-linux-gnu/lib]
  collapse library dir [/opt/rk3588_sdk/buildroot/output/latest/host/aarch64-buildroot-linux-gnu/sysroot/lib] ==> [/opt/rk3588_sdk/buildroot/output/latest/host/aarch64-buildroot-linux-gnu/sysroot/lib]
  collapse library dir [/opt/rk3588_sdk/buildroot/output/latest/host/aarch64-buildroot-linux-gnu/sysroot/usr/lib] ==> [/opt/rk3588_sdk/buildroot/output/latest/host/aarch64-buildroot-linux-gnu/sysroot/usr/lib]
  implicit libs: [stdc++;m;gcc_s;gcc;c;gcc_s;gcc]
  implicit objs: [/opt/rk3588_sdk/buildroot/output/latest/host/aarch64-buildroot-linux-gnu/sysroot/lib64/Scrt1.o;/opt/rk3588_sdk/buildroot/output/latest/host/aarch64-buildroot-linux-gnu/sysroot/lib64/crti.o;/opt/rk3588_sdk/buildroot/output/pkrv_ako_secure/host/lib/gcc/aarch64-buildroot-linux-gnu/11.3.0/crtbeginS.o;/opt/rk3588_sdk/buildroot/output/pkrv_ako_secure/host/lib/gcc/aarch64-buildroot-linux-gnu/11.3.0/crtendS.o;/opt/rk3588_sdk/buildroot/output/latest/host/aarch64-buildroot-linux-gnu/sysroot/lib64/crtn.o]
  implicit dirs: [/opt/rk3588_sdk/buildroot/output/pkrv_ako_secure/host/lib/gcc/aarch64-buildroot-linux-gnu/11.3.0;/opt/rk3588_sdk/buildroot/output/pkrv_ako_secure/host/aarch64-buildroot-linux-gnu/lib64;/opt/rk3588_sdk/buildroot/output/latest/host/aarch64-buildroot-linux-gnu/sysroot/lib64;/opt/rk3588_sdk/buildroot/output/latest/host/aarch64-buildroot-linux-gnu/sysroot/usr/lib64;/opt/rk3588_sdk/buildroot/output/pkrv_ako_secure/host/aarch64-buildroot-linux-gnu/lib;/opt/rk3588_sdk/buildroot/output/latest/host/aarch64-buildroot-linux-gnu/sysroot/lib;/opt/rk3588_sdk/buildroot/output/latest/host/aarch64-buildroot-linux-gnu/sysroot/usr/lib]
  implicit fwks: []


Determining if the include file pthread.h exists passed with the following output:
Change Dir: /home/achernatkin/lightning_gpu/lightning_gpu/Release/CMakeFiles/CMakeTmp

Run Build Command(s):/usr/bin/gmake -f Makefile cmTC_bad27/fast && gmake[1]: Entering directory '/home/achernatkin/lightning_gpu/lightning_gpu/Release/CMakeFiles/CMakeTmp'
/usr/bin/gmake  -f CMakeFiles/cmTC_bad27.dir/build.make CMakeFiles/cmTC_bad27.dir/build
gmake[2]: Entering directory '/home/achernatkin/lightning_gpu/lightning_gpu/Release/CMakeFiles/CMakeTmp'
Building C object CMakeFiles/cmTC_bad27.dir/CheckIncludeFile.c.o
/opt/rk3588_sdk/buildroot/output/latest/host/bin/aarch64-buildroot-linux-gnu-gcc --sysroot=/opt/rk3588_sdk/buildroot/output/latest/host/aarch64-buildroot-linux-gnu/sysroot   -D_LARGEFILE_SOURCE -D_LARGEFILE64_SOURCE -D_FILE_OFFSET_BITS=64 -Os -g0 -D_FORTIFY_SOURCE=1   -DNDEBUG -o CMakeFiles/cmTC_bad27.dir/CheckIncludeFile.c.o -c /home/achernatkin/lightning_gpu/lightning_gpu/Release/CMakeFiles/CMakeTmp/CheckIncludeFile.c
Linking C executable cmTC_bad27
/opt/rk3588_sdk/buildroot/output/pkrv_ako_secure/host/bin/cmake -E cmake_link_script CMakeFiles/cmTC_bad27.dir/link.txt --verbose=1
/opt/rk3588_sdk/buildroot/output/latest/host/bin/aarch64-buildroot-linux-gnu-gcc --sysroot=/opt/rk3588_sdk/buildroot/output/latest/host/aarch64-buildroot-linux-gnu/sysroot -D_LARGEFILE_SOURCE -D_LARGEFILE64_SOURCE -D_FILE_OFFSET_BITS=64 -Os -g0 -D_FORTIFY_SOURCE=1   -DNDEBUG CMakeFiles/cmTC_bad27.dir/CheckIncludeFile.c.o -o cmTC_bad27 
gmake[2]: Leaving directory '/home/achernatkin/lightning_gpu/lightning_gpu/Release/CMakeFiles/CMakeTmp'
gmake[1]: Leaving directory '/home/achernatkin/lightning_gpu/lightning_gpu/Release/CMakeFiles/CMakeTmp'



Performing C SOURCE FILE Test CMAKE_HAVE_LIBC_PTHREAD succeeded with the following output:
Change Dir: /home/achernatkin/lightning_gpu/lightning_gpu/Release/CMakeFiles/CMakeTmp

Run Build Command(s):/usr/bin/gmake -f Makefile cmTC_8327a/fast && gmake[1]: Entering directory '/home/achernatkin/lightning_gpu/lightning_gpu/Release/CMakeFiles/CMakeTmp'
/usr/bin/gmake  -f CMakeFiles/cmTC_8327a.dir/build.make CMakeFiles/cmTC_8327a.dir/build
gmake[2]: Entering directory '/home/achernatkin/lightning_gpu/lightning_gpu/Release/CMakeFiles/CMakeTmp'
Building C object CMakeFiles/cmTC_8327a.dir/src.c.o
/opt/rk3588_sdk/buildroot/output/latest/host/bin/aarch64-buildroot-linux-gnu-gcc --sysroot=/opt/rk3588_sdk/buildroot/output/latest/host/aarch64-buildroot-linux-gnu/sysroot -DCMAKE_HAVE_LIBC_PTHREAD  -D_LARGEFILE_SOURCE -D_LARGEFILE64_SOURCE -D_FILE_OFFSET_BITS=64 -Os -g0 -D_FORTIFY_SOURCE=1   -DNDEBUG -o CMakeFiles/cmTC_8327a.dir/src.c.o -c /home/achernatkin/lightning_gpu/lightning_gpu/Release/CMakeFiles/CMakeTmp/src.c
Linking C executable cmTC_8327a
/opt/rk3588_sdk/buildroot/output/pkrv_ako_secure/host/bin/cmake -E cmake_link_script CMakeFiles/cmTC_8327a.dir/link.txt --verbose=1
/opt/rk3588_sdk/buildroot/output/latest/host/bin/aarch64-buildroot-linux-gnu-gcc --sysroot=/opt/rk3588_sdk/buildroot/output/latest/host/aarch64-buildroot-linux-gnu/sysroot -D_LARGEFILE_SOURCE -D_LARGEFILE64_SOURCE -D_FILE_OFFSET_BITS=64 -Os -g0 -D_FORTIFY_SOURCE=1   -DNDEBUG CMakeFiles/cmTC_8327a.dir/src.c.o -o cmTC_8327a 
gmake[2]: Leaving directory '/home/achernatkin/lightning_gpu/lightning_gpu/Release/CMakeFiles/CMakeTmp'
gmake[1]: Leaving directory '/home/achernatkin/lightning_gpu/lightning_gpu/Release/CMakeFiles/CMakeTmp'


Source file was:
#include <pthread.h>

static void* test_func(void* data)
{
  return data;
}

int main(void)
{
  pthread_t thread;
  pthread_create(&thread, NULL, test_func, NULL);
  pthread_detach(thread);
  pthread_cancel(thread);
  pthread_join(thread, NULL);
  pthread_atfork(NULL, NULL, NULL);
  pthread_exit(NULL);

  return 0;
}

